mode: atomic
gin-crud-api/internal/config/config.go:27.30,50.2 5 0
gin-crud-api/internal/config/config.go:52.39,57.2 1 0
gin-crud-api/internal/config/config.go:59.46,60.42 1 0
gin-crud-api/internal/config/config.go:60.42,62.3 1 0
gin-crud-api/internal/config/config.go:63.2,63.21 1 0
gin-crud-api/cmd/legacy/rest_main.go:14.13,20.16 3 0
gin-crud-api/cmd/legacy/rest_main.go:20.16,22.3 1 0
gin-crud-api/cmd/legacy/rest_main.go:24.2,29.16 4 0
gin-crud-api/cmd/legacy/rest_main.go:29.16,31.3 1 0
gin-crud-api/cmd/legacy/rest_main.go:32.2,32.15 1 0
gin-crud-api/cmd/legacy/rest_main.go:32.15,33.60 1 0
gin-crud-api/cmd/legacy/rest_main.go:33.60,35.4 1 0
gin-crud-api/cmd/legacy/rest_main.go:39.2,55.42 10 0
gin-crud-api/cmd/legacy/rest_main.go:55.42,57.3 1 0
gin-crud-api/cmd/graphql/main.go:19.13,25.16 3 0
gin-crud-api/cmd/graphql/main.go:25.16,27.62 1 0
gin-crud-api/cmd/graphql/main.go:31.2,47.16 6 0
gin-crud-api/cmd/graphql/main.go:47.16,51.3 1 0
gin-crud-api/cmd/graphql/main.go:52.2,79.23 13 0
gin-crud-api/cmd/graphql/main.go:79.23,81.3 1 0
gin-crud-api/cmd/graphql/main.go:83.2,103.61 8 0
gin-crud-api/cmd/graphql/main.go:103.61,107.3 1 0
gin-crud-api/internal/database/legacy/memory_repository.go:18.40,23.2 1 0
gin-crud-api/internal/database/legacy/memory_repository.go:33.82,35.2 1 0
gin-crud-api/internal/database/legacy/memory_repository.go:37.78,39.2 1 0
gin-crud-api/internal/database/legacy/memory_repository.go:43.70,48.2 4 0
gin-crud-api/internal/database/legacy/memory_repository.go:50.82,54.9 4 0
gin-crud-api/internal/database/legacy/memory_repository.go:54.9,56.3 1 0
gin-crud-api/internal/database/legacy/memory_repository.go:57.2,57.18 1 0
gin-crud-api/internal/database/legacy/memory_repository.go:60.74,65.43 4 0
gin-crud-api/internal/database/legacy/memory_repository.go:65.43,67.3 1 0
gin-crud-api/internal/database/legacy/memory_repository.go:68.2,68.20 1 0
gin-crud-api/internal/database/legacy/memory_repository.go:71.72,74.56 3 0
gin-crud-api/internal/database/legacy/memory_repository.go:74.56,76.3 1 0
gin-crud-api/internal/database/legacy/memory_repository.go:77.2,78.12 2 0
gin-crud-api/internal/database/legacy/memory_repository.go:81.58,84.51 3 0
gin-crud-api/internal/database/legacy/memory_repository.go:84.51,86.3 1 0
gin-crud-api/internal/database/legacy/memory_repository.go:87.2,88.12 2 0
gin-crud-api/internal/database/legacy/memory_repository.go:93.65,98.2 4 0
gin-crud-api/internal/database/legacy/memory_repository.go:100.78,104.9 4 0
gin-crud-api/internal/database/legacy/memory_repository.go:104.9,106.3 1 0
gin-crud-api/internal/database/legacy/memory_repository.go:107.2,107.17 1 0
gin-crud-api/internal/database/legacy/memory_repository.go:110.70,115.40 4 0
gin-crud-api/internal/database/legacy/memory_repository.go:115.40,117.3 1 0
gin-crud-api/internal/database/legacy/memory_repository.go:118.2,118.20 1 0
gin-crud-api/internal/database/legacy/memory_repository.go:121.67,124.53 3 0
gin-crud-api/internal/database/legacy/memory_repository.go:124.53,126.3 1 0
gin-crud-api/internal/database/legacy/memory_repository.go:127.2,128.12 2 0
gin-crud-api/internal/database/legacy/memory_repository.go:131.56,134.49 3 0
gin-crud-api/internal/database/legacy/memory_repository.go:134.49,136.3 1 0
gin-crud-api/internal/database/legacy/memory_repository.go:137.2,138.12 2 0
gin-crud-api/internal/database/legacy/memory_repository.go:141.94,146.40 4 0
gin-crud-api/internal/database/legacy/memory_repository.go:146.40,147.33 1 0
gin-crud-api/internal/database/legacy/memory_repository.go:147.33,149.4 1 0
gin-crud-api/internal/database/legacy/memory_repository.go:151.2,151.20 1 0
gin-crud-api/internal/database/legacy/migrate.go:11.54,16.16 2 0
gin-crud-api/internal/database/legacy/migrate.go:16.16,18.3 1 0
gin-crud-api/internal/database/legacy/migrate.go:19.2,21.61 2 0
gin-crud-api/internal/database/legacy/migrate.go:21.61,23.3 1 0
gin-crud-api/internal/database/legacy/migrate.go:25.2,25.12 1 0
gin-crud-api/internal/database/legacy/postgres.go:18.77,20.16 2 0
gin-crud-api/internal/database/legacy/postgres.go:20.16,22.3 1 0
gin-crud-api/internal/database/legacy/postgres.go:25.2,33.16 7 0
gin-crud-api/internal/database/legacy/postgres.go:33.16,35.3 1 0
gin-crud-api/internal/database/legacy/postgres.go:38.2,41.39 3 0
gin-crud-api/internal/database/legacy/postgres.go:41.39,44.3 2 0
gin-crud-api/internal/database/legacy/postgres.go:47.2,53.8 3 0
gin-crud-api/internal/database/legacy/postgres.go:56.31,57.20 1 0
gin-crud-api/internal/database/legacy/postgres.go:57.20,59.3 1 0
gin-crud-api/internal/database/legacy/postgres.go:60.2,60.18 1 0
gin-crud-api/internal/database/legacy/postgres.go:60.18,62.3 1 0
gin-crud-api/internal/database/legacy/postgres.go:65.38,69.2 3 0
gin-crud-api/internal/database/legacy/postgres_repository.go:25.84,27.2 1 0
gin-crud-api/internal/database/legacy/postgres_repository.go:29.80,31.2 1 0
gin-crud-api/internal/database/legacy/postgres_repository.go:35.70,44.16 5 0
gin-crud-api/internal/database/legacy/postgres_repository.go:44.16,46.3 1 0
gin-crud-api/internal/database/legacy/postgres_repository.go:47.2,47.12 1 0
gin-crud-api/internal/database/legacy/postgres_repository.go:50.82,58.16 6 0
gin-crud-api/internal/database/legacy/postgres_repository.go:58.16,59.36 1 0
gin-crud-api/internal/database/legacy/postgres_repository.go:59.36,61.4 1 0
gin-crud-api/internal/database/legacy/postgres_repository.go:62.3,62.63 1 0
gin-crud-api/internal/database/legacy/postgres_repository.go:64.2,64.19 1 0
gin-crud-api/internal/database/legacy/postgres_repository.go:67.74,74.16 5 0
gin-crud-api/internal/database/legacy/postgres_repository.go:74.16,76.3 1 0
gin-crud-api/internal/database/legacy/postgres_repository.go:77.2,80.18 3 0
gin-crud-api/internal/database/legacy/postgres_repository.go:80.18,82.57 2 0
gin-crud-api/internal/database/legacy/postgres_repository.go:82.57,84.4 1 0
gin-crud-api/internal/database/legacy/postgres_repository.go:85.3,85.43 1 0
gin-crud-api/internal/database/legacy/postgres_repository.go:88.2,88.35 1 0
gin-crud-api/internal/database/legacy/postgres_repository.go:88.35,90.3 1 0
gin-crud-api/internal/database/legacy/postgres_repository.go:93.2,93.24 1 0
gin-crud-api/internal/database/legacy/postgres_repository.go:93.24,95.3 1 0
gin-crud-api/internal/database/legacy/postgres_repository.go:97.2,97.25 1 0
gin-crud-api/internal/database/legacy/postgres_repository.go:100.72,110.16 5 0
gin-crud-api/internal/database/legacy/postgres_repository.go:110.16,112.3 1 0
gin-crud-api/internal/database/legacy/postgres_repository.go:114.2,114.32 1 0
gin-crud-api/internal/database/legacy/postgres_repository.go:114.32,116.3 1 0
gin-crud-api/internal/database/legacy/postgres_repository.go:118.2,118.12 1 0
gin-crud-api/internal/database/legacy/postgres_repository.go:121.58,129.16 5 0
gin-crud-api/internal/database/legacy/postgres_repository.go:129.16,131.3 1 0
gin-crud-api/internal/database/legacy/postgres_repository.go:133.2,133.32 1 0
gin-crud-api/internal/database/legacy/postgres_repository.go:133.32,135.3 1 0
gin-crud-api/internal/database/legacy/postgres_repository.go:137.2,137.12 1 0
gin-crud-api/internal/database/legacy/postgres_repository.go:142.65,151.16 5 0
gin-crud-api/internal/database/legacy/postgres_repository.go:151.16,153.3 1 0
gin-crud-api/internal/database/legacy/postgres_repository.go:154.2,154.12 1 0
gin-crud-api/internal/database/legacy/postgres_repository.go:157.78,171.16 6 0
gin-crud-api/internal/database/legacy/postgres_repository.go:171.16,172.36 1 0
gin-crud-api/internal/database/legacy/postgres_repository.go:172.36,174.4 1 0
gin-crud-api/internal/database/legacy/postgres_repository.go:175.3,175.61 1 0
gin-crud-api/internal/database/legacy/postgres_repository.go:177.2,177.18 1 0
gin-crud-api/internal/database/legacy/postgres_repository.go:180.70,191.16 5 0
gin-crud-api/internal/database/legacy/postgres_repository.go:191.16,193.3 1 0
gin-crud-api/internal/database/legacy/postgres_repository.go:194.2,197.18 3 0
gin-crud-api/internal/database/legacy/postgres_repository.go:197.18,199.86 2 0
gin-crud-api/internal/database/legacy/postgres_repository.go:199.86,201.4 1 0
gin-crud-api/internal/database/legacy/postgres_repository.go:202.3,202.38 1 0
gin-crud-api/internal/database/legacy/postgres_repository.go:205.2,205.35 1 0
gin-crud-api/internal/database/legacy/postgres_repository.go:205.35,207.3 1 0
gin-crud-api/internal/database/legacy/postgres_repository.go:210.2,210.22 1 0
gin-crud-api/internal/database/legacy/postgres_repository.go:210.22,212.3 1 0
gin-crud-api/internal/database/legacy/postgres_repository.go:214.2,214.23 1 0
gin-crud-api/internal/database/legacy/postgres_repository.go:217.67,227.16 5 0
gin-crud-api/internal/database/legacy/postgres_repository.go:227.16,229.3 1 0
gin-crud-api/internal/database/legacy/postgres_repository.go:231.2,231.32 1 0
gin-crud-api/internal/database/legacy/postgres_repository.go:231.32,233.3 1 0
gin-crud-api/internal/database/legacy/postgres_repository.go:235.2,235.12 1 0
gin-crud-api/internal/database/legacy/postgres_repository.go:238.56,245.16 5 0
gin-crud-api/internal/database/legacy/postgres_repository.go:245.16,247.3 1 0
gin-crud-api/internal/database/legacy/postgres_repository.go:249.2,249.32 1 0
gin-crud-api/internal/database/legacy/postgres_repository.go:249.32,251.3 1 0
gin-crud-api/internal/database/legacy/postgres_repository.go:253.2,253.12 1 0
gin-crud-api/internal/database/legacy/postgres_repository.go:256.94,268.16 5 0
gin-crud-api/internal/database/legacy/postgres_repository.go:268.16,270.3 1 0
gin-crud-api/internal/database/legacy/postgres_repository.go:271.2,274.18 3 0
gin-crud-api/internal/database/legacy/postgres_repository.go:274.18,276.86 2 0
gin-crud-api/internal/database/legacy/postgres_repository.go:276.86,278.4 1 0
gin-crud-api/internal/database/legacy/postgres_repository.go:279.3,279.38 1 0
gin-crud-api/internal/database/legacy/postgres_repository.go:282.2,282.35 1 0
gin-crud-api/internal/database/legacy/postgres_repository.go:282.35,284.3 1 0
gin-crud-api/internal/database/legacy/postgres_repository.go:287.2,287.22 1 0
gin-crud-api/internal/database/legacy/postgres_repository.go:287.22,289.3 1 0
gin-crud-api/internal/database/legacy/postgres_repository.go:291.2,291.23 1 0
gin-crud-api/internal/ent/department/department.go:46.38,47.25 1 0
gin-crud-api/internal/ent/department/department.go:47.25,48.27 1 0
gin-crud-api/internal/ent/department/department.go:48.27,50.4 1 0
gin-crud-api/internal/ent/department/department.go:52.2,52.14 1 0
gin-crud-api/internal/ent/department/department.go:72.52,74.2 1 0
gin-crud-api/internal/ent/department/department.go:77.54,79.2 1 0
gin-crud-api/internal/ent/department/department.go:82.59,84.2 1 0
gin-crud-api/internal/ent/department/department.go:87.59,89.2 1 0
gin-crud-api/internal/ent/department/department.go:92.64,93.31 1 0
gin-crud-api/internal/ent/department/department.go:93.31,95.3 1 0
gin-crud-api/internal/ent/department/department.go:99.74,100.31 1 0
gin-crud-api/internal/ent/department/department.go:100.31,102.3 1 0
gin-crud-api/internal/ent/department/department.go:104.40,110.2 1 0
gin-crud-api/internal/ent/department/where.go:15.44,17.2 1 0
gin-crud-api/internal/ent/department/where.go:20.46,22.2 1 0
gin-crud-api/internal/ent/department/where.go:25.47,27.2 1 0
gin-crud-api/internal/ent/department/where.go:30.50,32.2 1 0
gin-crud-api/internal/ent/department/where.go:35.53,37.2 1 0
gin-crud-api/internal/ent/department/where.go:40.46,42.2 1 0
gin-crud-api/internal/ent/department/where.go:45.47,47.2 1 0
gin-crud-api/internal/ent/department/where.go:50.46,52.2 1 0
gin-crud-api/internal/ent/department/where.go:55.47,57.2 1 0
gin-crud-api/internal/ent/department/where.go:60.42,62.2 1 0
gin-crud-api/internal/ent/department/where.go:65.50,67.2 1 0
gin-crud-api/internal/ent/department/where.go:70.50,72.2 1 0
gin-crud-api/internal/ent/department/where.go:75.44,77.2 1 0
gin-crud-api/internal/ent/department/where.go:80.45,82.2 1 0
gin-crud-api/internal/ent/department/where.go:85.48,87.2 1 0
gin-crud-api/internal/ent/department/where.go:90.51,92.2 1 0
gin-crud-api/internal/ent/department/where.go:95.44,97.2 1 0
gin-crud-api/internal/ent/department/where.go:100.45,102.2 1 0
gin-crud-api/internal/ent/department/where.go:105.44,107.2 1 0
gin-crud-api/internal/ent/department/where.go:110.45,112.2 1 0
gin-crud-api/internal/ent/department/where.go:115.50,117.2 1 0
gin-crud-api/internal/ent/department/where.go:120.51,122.2 1 0
gin-crud-api/internal/ent/department/where.go:125.51,127.2 1 0
gin-crud-api/internal/ent/department/where.go:130.51,132.2 1 0
gin-crud-api/internal/ent/department/where.go:135.54,137.2 1 0
gin-crud-api/internal/ent/department/where.go:140.52,142.2 1 0
gin-crud-api/internal/ent/department/where.go:145.53,147.2 1 0
gin-crud-api/internal/ent/department/where.go:150.56,152.2 1 0
gin-crud-api/internal/ent/department/where.go:155.59,157.2 1 0
gin-crud-api/internal/ent/department/where.go:160.52,162.2 1 0
gin-crud-api/internal/ent/department/where.go:165.53,167.2 1 0
gin-crud-api/internal/ent/department/where.go:170.52,172.2 1 0
gin-crud-api/internal/ent/department/where.go:175.53,177.2 1 0
gin-crud-api/internal/ent/department/where.go:180.52,182.2 1 0
gin-crud-api/internal/ent/department/where.go:185.53,187.2 1 0
gin-crud-api/internal/ent/department/where.go:190.56,192.2 1 0
gin-crud-api/internal/ent/department/where.go:195.59,197.2 1 0
gin-crud-api/internal/ent/department/where.go:200.52,202.2 1 0
gin-crud-api/internal/ent/department/where.go:205.53,207.2 1 0
gin-crud-api/internal/ent/department/where.go:210.52,212.2 1 0
gin-crud-api/internal/ent/department/where.go:215.53,217.2 1 0
gin-crud-api/internal/ent/department/where.go:220.42,221.52 1 0
gin-crud-api/internal/ent/department/where.go:221.52,227.3 2 0
gin-crud-api/internal/ent/department/where.go:231.73,232.52 1 0
gin-crud-api/internal/ent/department/where.go:232.52,234.60 2 0
gin-crud-api/internal/ent/department/where.go:234.60,235.28 1 0
gin-crud-api/internal/ent/department/where.go:235.28,237.5 1 0
gin-crud-api/internal/ent/department/where.go:243.67,245.2 1 0
gin-crud-api/internal/ent/department/where.go:248.66,250.2 1 0
gin-crud-api/internal/ent/department/where.go:253.55,255.2 1 0
gin-crud-api/internal/ent/employee/employee.go:52.38,53.25 1 0
gin-crud-api/internal/ent/employee/employee.go:53.25,54.27 1 0
gin-crud-api/internal/ent/employee/employee.go:54.27,56.4 1 0
gin-crud-api/internal/ent/employee/employee.go:58.2,58.14 1 0
gin-crud-api/internal/ent/employee/employee.go:80.52,82.2 1 0
gin-crud-api/internal/ent/employee/employee.go:85.54,87.2 1 0
gin-crud-api/internal/ent/employee/employee.go:90.55,92.2 1 0
gin-crud-api/internal/ent/employee/employee.go:95.62,97.2 1 0
gin-crud-api/internal/ent/employee/employee.go:100.59,102.2 1 0
gin-crud-api/internal/ent/employee/employee.go:105.59,107.2 1 0
gin-crud-api/internal/ent/employee/employee.go:110.79,111.31 1 0
gin-crud-api/internal/ent/employee/employee.go:111.31,113.3 1 0
gin-crud-api/internal/ent/employee/employee.go:115.41,121.2 1 0
gin-crud-api/internal/ent/employee/where.go:15.42,17.2 1 0
gin-crud-api/internal/ent/employee/where.go:20.44,22.2 1 0
gin-crud-api/internal/ent/employee/where.go:25.45,27.2 1 0
gin-crud-api/internal/ent/employee/where.go:30.48,32.2 1 0
gin-crud-api/internal/ent/employee/where.go:35.51,37.2 1 0
gin-crud-api/internal/ent/employee/where.go:40.44,42.2 1 0
gin-crud-api/internal/ent/employee/where.go:45.45,47.2 1 0
gin-crud-api/internal/ent/employee/where.go:50.44,52.2 1 0
gin-crud-api/internal/ent/employee/where.go:55.45,57.2 1 0
gin-crud-api/internal/ent/employee/where.go:60.40,62.2 1 0
gin-crud-api/internal/ent/employee/where.go:65.41,67.2 1 0
gin-crud-api/internal/ent/employee/where.go:70.51,72.2 1 0
gin-crud-api/internal/ent/employee/where.go:75.48,77.2 1 0
gin-crud-api/internal/ent/employee/where.go:80.48,82.2 1 0
gin-crud-api/internal/ent/employee/where.go:85.42,87.2 1 0
gin-crud-api/internal/ent/employee/where.go:90.43,92.2 1 0
gin-crud-api/internal/ent/employee/where.go:95.46,97.2 1 0
gin-crud-api/internal/ent/employee/where.go:100.49,102.2 1 0
gin-crud-api/internal/ent/employee/where.go:105.42,107.2 1 0
gin-crud-api/internal/ent/employee/where.go:110.43,112.2 1 0
gin-crud-api/internal/ent/employee/where.go:115.42,117.2 1 0
gin-crud-api/internal/ent/employee/where.go:120.43,122.2 1 0
gin-crud-api/internal/ent/employee/where.go:125.48,127.2 1 0
gin-crud-api/internal/ent/employee/where.go:130.49,132.2 1 0
gin-crud-api/internal/ent/employee/where.go:135.49,137.2 1 0
gin-crud-api/internal/ent/employee/where.go:140.49,142.2 1 0
gin-crud-api/internal/ent/employee/where.go:145.52,147.2 1 0
gin-crud-api/internal/ent/employee/where.go:150.43,152.2 1 0
gin-crud-api/internal/ent/employee/where.go:155.44,157.2 1 0
gin-crud-api/internal/ent/employee/where.go:160.47,162.2 1 0
gin-crud-api/internal/ent/employee/where.go:165.50,167.2 1 0
gin-crud-api/internal/ent/employee/where.go:170.43,172.2 1 0
gin-crud-api/internal/ent/employee/where.go:175.44,177.2 1 0
gin-crud-api/internal/ent/employee/where.go:180.43,182.2 1 0
gin-crud-api/internal/ent/employee/where.go:185.44,187.2 1 0
gin-crud-api/internal/ent/employee/where.go:190.49,192.2 1 0
gin-crud-api/internal/ent/employee/where.go:195.50,197.2 1 0
gin-crud-api/internal/ent/employee/where.go:200.50,202.2 1 0
gin-crud-api/internal/ent/employee/where.go:205.50,207.2 1 0
gin-crud-api/internal/ent/employee/where.go:210.53,212.2 1 0
gin-crud-api/internal/ent/employee/where.go:215.53,217.2 1 0
gin-crud-api/internal/ent/employee/where.go:220.54,222.2 1 0
gin-crud-api/internal/ent/employee/where.go:225.57,227.2 1 0
gin-crud-api/internal/ent/employee/where.go:230.60,232.2 1 0
gin-crud-api/internal/ent/employee/where.go:235.50,237.2 1 0
gin-crud-api/internal/ent/employee/where.go:240.51,242.2 1 0
gin-crud-api/internal/ent/employee/where.go:245.54,247.2 1 0
gin-crud-api/internal/ent/employee/where.go:250.57,252.2 1 0
gin-crud-api/internal/ent/employee/where.go:255.50,257.2 1 0
gin-crud-api/internal/ent/employee/where.go:260.51,262.2 1 0
gin-crud-api/internal/ent/employee/where.go:265.50,267.2 1 0
gin-crud-api/internal/ent/employee/where.go:270.51,272.2 1 0
gin-crud-api/internal/ent/employee/where.go:275.50,277.2 1 0
gin-crud-api/internal/ent/employee/where.go:280.51,282.2 1 0
gin-crud-api/internal/ent/employee/where.go:285.54,287.2 1 0
gin-crud-api/internal/ent/employee/where.go:290.57,292.2 1 0
gin-crud-api/internal/ent/employee/where.go:295.50,297.2 1 0
gin-crud-api/internal/ent/employee/where.go:300.51,302.2 1 0
gin-crud-api/internal/ent/employee/where.go:305.50,307.2 1 0
gin-crud-api/internal/ent/employee/where.go:310.51,312.2 1 0
gin-crud-api/internal/ent/employee/where.go:315.41,316.50 1 0
gin-crud-api/internal/ent/employee/where.go:316.50,322.3 2 0
gin-crud-api/internal/ent/employee/where.go:326.74,327.50 1 0
gin-crud-api/internal/ent/employee/where.go:327.50,329.60 2 0
gin-crud-api/internal/ent/employee/where.go:329.60,330.28 1 0
gin-crud-api/internal/ent/employee/where.go:330.28,332.5 1 0
gin-crud-api/internal/ent/employee/where.go:338.63,340.2 1 0
gin-crud-api/internal/ent/employee/where.go:343.62,345.2 1 0
gin-crud-api/internal/ent/employee/where.go:348.51,350.2 1 0
gin-crud-api/internal/ent/client.go:36.40,40.2 3 0
gin-crud-api/internal/ent/client.go:42.25,46.2 3 0
gin-crud-api/internal/ent/client.go:67.39,71.2 3 0
gin-crud-api/internal/ent/client.go:74.42,75.27 1 0
gin-crud-api/internal/ent/client.go:75.27,77.3 1 0
gin-crud-api/internal/ent/client.go:78.2,78.13 1 0
gin-crud-api/internal/ent/client.go:78.13,80.3 1 0
gin-crud-api/internal/ent/client.go:84.21,85.25 1 0
gin-crud-api/internal/ent/client.go:85.25,87.3 1 0
gin-crud-api/internal/ent/client.go:91.34,92.25 1 0
gin-crud-api/internal/ent/client.go:92.25,94.3 1 0
gin-crud-api/internal/ent/client.go:98.43,99.25 1 0
gin-crud-api/internal/ent/client.go:99.25,101.3 1 0
gin-crud-api/internal/ent/client.go:107.82,108.20 1 0
gin-crud-api/internal/ent/client.go:109.55,111.17 2 0
gin-crud-api/internal/ent/client.go:111.17,113.4 1 0
gin-crud-api/internal/ent/client.go:114.3,114.57 1 0
gin-crud-api/internal/ent/client.go:115.10,116.63 1 0
gin-crud-api/internal/ent/client.go:125.55,126.39 1 0
gin-crud-api/internal/ent/client.go:126.39,128.3 1 0
gin-crud-api/internal/ent/client.go:129.2,130.16 2 0
gin-crud-api/internal/ent/client.go:130.16,132.3 1 0
gin-crud-api/internal/ent/client.go:133.2,140.8 3 0
gin-crud-api/internal/ent/client.go:144.81,145.39 1 0
gin-crud-api/internal/ent/client.go:145.39,147.3 1 0
gin-crud-api/internal/ent/client.go:148.2,151.16 2 0
gin-crud-api/internal/ent/client.go:151.16,153.3 1 0
gin-crud-api/internal/ent/client.go:154.2,161.8 3 0
gin-crud-api/internal/ent/client.go:170.34,171.13 1 0
gin-crud-api/internal/ent/client.go:171.13,173.3 1 0
gin-crud-api/internal/ent/client.go:174.2,178.15 5 0
gin-crud-api/internal/ent/client.go:182.32,184.2 1 0
gin-crud-api/internal/ent/client.go:188.37,191.2 2 0
gin-crud-api/internal/ent/client.go:195.57,198.2 2 0
gin-crud-api/internal/ent/client.go:201.73,202.23 1 0
gin-crud-api/internal/ent/client.go:203.27,204.37 1 0
gin-crud-api/internal/ent/client.go:205.25,206.35 1 0
gin-crud-api/internal/ent/client.go:207.10,208.61 1 0
gin-crud-api/internal/ent/client.go:218.54,220.2 1 0
gin-crud-api/internal/ent/client.go:224.47,226.2 1 0
gin-crud-api/internal/ent/client.go:230.67,232.2 1 0
gin-crud-api/internal/ent/client.go:235.55,238.2 2 0
gin-crud-api/internal/ent/client.go:241.92,243.2 1 0
gin-crud-api/internal/ent/client.go:247.113,249.32 2 0
gin-crud-api/internal/ent/client.go:249.32,251.3 1 0
gin-crud-api/internal/ent/client.go:252.2,253.32 2 0
gin-crud-api/internal/ent/client.go:253.32,256.3 2 0
gin-crud-api/internal/ent/client.go:257.2,257.68 1 0
gin-crud-api/internal/ent/client.go:261.55,264.2 2 0
gin-crud-api/internal/ent/client.go:267.75,270.2 2 0
gin-crud-api/internal/ent/client.go:273.75,276.2 2 0
gin-crud-api/internal/ent/client.go:279.55,282.2 2 0
gin-crud-api/internal/ent/client.go:285.75,287.2 1 0
gin-crud-api/internal/ent/client.go:290.75,295.2 4 0
gin-crud-api/internal/ent/client.go:298.53,304.2 1 0
gin-crud-api/internal/ent/client.go:307.88,309.2 1 0
gin-crud-api/internal/ent/client.go:312.80,314.16 2 0
gin-crud-api/internal/ent/client.go:314.16,315.13 1 0
gin-crud-api/internal/ent/client.go:317.2,317.12 1 0
gin-crud-api/internal/ent/client.go:321.74,323.68 2 0
gin-crud-api/internal/ent/client.go:323.68,332.3 4 0
gin-crud-api/internal/ent/client.go:333.2,333.14 1 0
gin-crud-api/internal/ent/client.go:337.43,339.2 1 0
gin-crud-api/internal/ent/client.go:342.57,344.2 1 0
gin-crud-api/internal/ent/client.go:346.94,347.16 1 0
gin-crud-api/internal/ent/client.go:348.16,349.88 1 0
gin-crud-api/internal/ent/client.go:350.16,351.88 1 0
gin-crud-api/internal/ent/client.go:352.19,353.91 1 0
gin-crud-api/internal/ent/client.go:354.29,355.88 1 0
gin-crud-api/internal/ent/client.go:356.10,357.76 1 0
gin-crud-api/internal/ent/client.go:367.50,369.2 1 0
gin-crud-api/internal/ent/client.go:373.45,375.2 1 0
gin-crud-api/internal/ent/client.go:379.65,381.2 1 0
gin-crud-api/internal/ent/client.go:384.51,387.2 2 0
gin-crud-api/internal/ent/client.go:390.86,392.2 1 0
gin-crud-api/internal/ent/client.go:396.107,398.32 2 0
gin-crud-api/internal/ent/client.go:398.32,400.3 1 0
gin-crud-api/internal/ent/client.go:401.2,402.32 2 0
gin-crud-api/internal/ent/client.go:402.32,405.3 2 0
gin-crud-api/internal/ent/client.go:406.2,406.66 1 0
gin-crud-api/internal/ent/client.go:410.51,413.2 2 0
gin-crud-api/internal/ent/client.go:416.69,419.2 2 0
gin-crud-api/internal/ent/client.go:422.71,425.2 2 0
gin-crud-api/internal/ent/client.go:428.51,431.2 2 0
gin-crud-api/internal/ent/client.go:434.69,436.2 1 0
gin-crud-api/internal/ent/client.go:439.71,444.2 4 0
gin-crud-api/internal/ent/client.go:447.49,453.2 1 0
gin-crud-api/internal/ent/client.go:456.84,458.2 1 0
gin-crud-api/internal/ent/client.go:461.76,463.16 2 0
gin-crud-api/internal/ent/client.go:463.16,464.13 1 0
gin-crud-api/internal/ent/client.go:466.2,466.12 1 0
gin-crud-api/internal/ent/client.go:470.73,472.68 2 0
gin-crud-api/internal/ent/client.go:472.68,481.3 4 0
gin-crud-api/internal/ent/client.go:482.2,482.14 1 0
gin-crud-api/internal/ent/client.go:486.41,488.2 1 0
gin-crud-api/internal/ent/client.go:491.55,493.2 1 0
gin-crud-api/internal/ent/client.go:495.90,496.16 1 0
gin-crud-api/internal/ent/client.go:497.16,498.86 1 0
gin-crud-api/internal/ent/client.go:499.16,500.86 1 0
gin-crud-api/internal/ent/client.go:501.19,502.89 1 0
gin-crud-api/internal/ent/client.go:503.29,504.86 1 0
gin-crud-api/internal/ent/client.go:505.10,506.74 1 0
gin-crud-api/internal/ent/department.go:45.64,46.22 1 0
gin-crud-api/internal/ent/department.go:46.22,48.3 1 0
gin-crud-api/internal/ent/department.go:49.2,49.48 1 0
gin-crud-api/internal/ent/department.go:53.64,55.25 2 0
gin-crud-api/internal/ent/department.go:55.25,56.21 1 0
gin-crud-api/internal/ent/department.go:57.29,58.35 1 0
gin-crud-api/internal/ent/department.go:59.61,60.33 1 0
gin-crud-api/internal/ent/department.go:61.27,62.30 1 0
gin-crud-api/internal/ent/department.go:63.11,64.36 1 0
gin-crud-api/internal/ent/department.go:67.2,67.20 1 0
gin-crud-api/internal/ent/department.go:72.74,73.46 1 0
gin-crud-api/internal/ent/department.go:73.46,75.3 1 0
gin-crud-api/internal/ent/department.go:76.2,76.25 1 0
gin-crud-api/internal/ent/department.go:76.25,77.21 1 0
gin-crud-api/internal/ent/department.go:78.27,79.48 1 0
gin-crud-api/internal/ent/department.go:79.48,81.5 1 0
gin-crud-api/internal/ent/department.go:81.10,81.27 1 0
gin-crud-api/internal/ent/department.go:81.27,83.5 1 0
gin-crud-api/internal/ent/department.go:84.29,85.53 1 0
gin-crud-api/internal/ent/department.go:85.53,87.5 1 0
gin-crud-api/internal/ent/department.go:87.10,87.26 1 0
gin-crud-api/internal/ent/department.go:87.26,89.5 1 0
gin-crud-api/internal/ent/department.go:90.34,91.51 1 0
gin-crud-api/internal/ent/department.go:91.51,93.5 1 0
gin-crud-api/internal/ent/department.go:93.10,93.26 1 0
gin-crud-api/internal/ent/department.go:93.26,95.5 1 0
gin-crud-api/internal/ent/department.go:96.34,97.51 1 0
gin-crud-api/internal/ent/department.go:97.51,99.5 1 0
gin-crud-api/internal/ent/department.go:99.10,99.26 1 0
gin-crud-api/internal/ent/department.go:99.26,101.5 1 0
gin-crud-api/internal/ent/department.go:102.11,103.46 1 0
gin-crud-api/internal/ent/department.go:106.2,106.12 1 0
gin-crud-api/internal/ent/department.go:111.61,113.2 1 0
gin-crud-api/internal/ent/department.go:116.55,118.2 1 0
gin-crud-api/internal/ent/department.go:123.53,125.2 1 0
gin-crud-api/internal/ent/department.go:129.44,131.9 2 0
gin-crud-api/internal/ent/department.go:131.9,132.57 1 0
gin-crud-api/internal/ent/department.go:134.2,135.11 2 0
gin-crud-api/internal/ent/department.go:139.39,153.2 13 0
gin-crud-api/internal/ent/department_create.go:26.65,29.2 2 0
gin-crud-api/internal/ent/department_create.go:32.73,35.2 2 0
gin-crud-api/internal/ent/department_create.go:38.82,39.14 1 0
gin-crud-api/internal/ent/department_create.go:39.14,41.3 1 0
gin-crud-api/internal/ent/department_create.go:42.2,42.11 1 0
gin-crud-api/internal/ent/department_create.go:46.73,49.2 2 0
gin-crud-api/internal/ent/department_create.go:52.82,53.14 1 0
gin-crud-api/internal/ent/department_create.go:53.14,55.3 1 0
gin-crud-api/internal/ent/department_create.go:56.2,56.11 1 0
gin-crud-api/internal/ent/department_create.go:60.66,63.2 2 0
gin-crud-api/internal/ent/department_create.go:66.75,67.14 1 0
gin-crud-api/internal/ent/department_create.go:67.14,69.3 1 0
gin-crud-api/internal/ent/department_create.go:70.2,70.11 1 0
gin-crud-api/internal/ent/department_create.go:74.80,77.2 2 0
gin-crud-api/internal/ent/department_create.go:80.76,82.19 2 0
gin-crud-api/internal/ent/department_create.go:82.19,84.3 1 0
gin-crud-api/internal/ent/department_create.go:85.2,85.34 1 0
gin-crud-api/internal/ent/department_create.go:89.60,91.2 1 0
gin-crud-api/internal/ent/department_create.go:94.76,97.2 2 0
gin-crud-api/internal/ent/department_create.go:100.68,102.16 2 0
gin-crud-api/internal/ent/department_create.go:102.16,103.13 1 0
gin-crud-api/internal/ent/department_create.go:105.2,105.10 1 0
gin-crud-api/internal/ent/department_create.go:109.61,112.2 2 0
gin-crud-api/internal/ent/department_create.go:115.56,116.37 1 0
gin-crud-api/internal/ent/department_create.go:116.37,117.13 1 0
gin-crud-api/internal/ent/department_create.go:122.40,123.43 1 0
gin-crud-api/internal/ent/department_create.go:123.43,126.3 2 0
gin-crud-api/internal/ent/department_create.go:127.2,127.43 1 0
gin-crud-api/internal/ent/department_create.go:127.43,130.3 2 0
gin-crud-api/internal/ent/department_create.go:131.2,131.36 1 0
gin-crud-api/internal/ent/department_create.go:131.36,134.3 2 0
gin-crud-api/internal/ent/department_create.go:138.43,139.38 1 0
gin-crud-api/internal/ent/department_create.go:139.38,141.3 1 0
gin-crud-api/internal/ent/department_create.go:142.2,142.37 1 0
gin-crud-api/internal/ent/department_create.go:142.37,143.53 1 0
gin-crud-api/internal/ent/department_create.go:143.53,145.4 1 0
gin-crud-api/internal/ent/department_create.go:147.2,147.43 1 0
gin-crud-api/internal/ent/department_create.go:147.43,149.3 1 0
gin-crud-api/internal/ent/department_create.go:150.2,150.43 1 0
gin-crud-api/internal/ent/department_create.go:150.43,152.3 1 0
gin-crud-api/internal/ent/department_create.go:153.2,153.12 1 0
gin-crud-api/internal/ent/department_create.go:156.79,157.35 1 0
gin-crud-api/internal/ent/department_create.go:157.35,159.3 1 0
gin-crud-api/internal/ent/department_create.go:160.2,161.67 2 0
gin-crud-api/internal/ent/department_create.go:161.67,162.38 1 0
gin-crud-api/internal/ent/department_create.go:162.38,164.4 1 0
gin-crud-api/internal/ent/department_create.go:165.3,165.18 1 0
gin-crud-api/internal/ent/department_create.go:167.2,167.27 1 0
gin-crud-api/internal/ent/department_create.go:167.27,168.48 1 0
gin-crud-api/internal/ent/department_create.go:168.48,170.4 1 0
gin-crud-api/internal/ent/department_create.go:170.9,170.62 1 0
gin-crud-api/internal/ent/department_create.go:170.62,172.4 1 0
gin-crud-api/internal/ent/department_create.go:174.2,176.19 3 0
gin-crud-api/internal/ent/department_create.go:179.78,184.36 2 0
gin-crud-api/internal/ent/department_create.go:184.36,187.3 2 0
gin-crud-api/internal/ent/department_create.go:188.2,188.41 1 0
gin-crud-api/internal/ent/department_create.go:188.41,191.3 2 0
gin-crud-api/internal/ent/department_create.go:192.2,192.46 1 0
gin-crud-api/internal/ent/department_create.go:192.46,195.3 2 0
gin-crud-api/internal/ent/department_create.go:196.2,196.46 1 0
gin-crud-api/internal/ent/department_create.go:196.46,199.3 2 0
gin-crud-api/internal/ent/department_create.go:200.2,200.57 1 0
gin-crud-api/internal/ent/department_create.go:200.57,211.27 2 0
gin-crud-api/internal/ent/department_create.go:211.27,213.4 1 0
gin-crud-api/internal/ent/department_create.go:214.3,214.42 1 0
gin-crud-api/internal/ent/department_create.go:216.2,216.21 1 0
gin-crud-api/internal/ent/department_create.go:227.82,228.19 1 0
gin-crud-api/internal/ent/department_create.go:228.19,230.3 1 0
gin-crud-api/internal/ent/department_create.go:231.2,234.29 4 0
gin-crud-api/internal/ent/department_create.go:234.29,235.37 1 0
gin-crud-api/internal/ent/department_create.go:235.37,238.86 3 0
gin-crud-api/internal/ent/department_create.go:238.86,240.12 2 0
gin-crud-api/internal/ent/department_create.go:240.12,242.6 1 0
gin-crud-api/internal/ent/department_create.go:243.5,243.43 1 0
gin-crud-api/internal/ent/department_create.go:243.43,245.6 1 0
gin-crud-api/internal/ent/department_create.go:246.5,249.28 4 0
gin-crud-api/internal/ent/department_create.go:249.28,251.6 1 0
gin-crud-api/internal/ent/department_create.go:251.11,254.70 2 0
gin-crud-api/internal/ent/department_create.go:254.70,255.42 1 0
gin-crud-api/internal/ent/department_create.go:255.42,257.8 1 0
gin-crud-api/internal/ent/department_create.go:260.5,260.19 1 0
gin-crud-api/internal/ent/department_create.go:260.19,262.6 1 0
gin-crud-api/internal/ent/department_create.go:263.5,265.25 3 0
gin-crud-api/internal/ent/department_create.go:267.4,267.49 1 0
gin-crud-api/internal/ent/department_create.go:267.49,269.5 1 0
gin-crud-api/internal/ent/department_create.go:270.4,270.21 1 0
gin-crud-api/internal/ent/department_create.go:273.2,273.23 1 0
gin-crud-api/internal/ent/department_create.go:273.23,274.77 1 0
gin-crud-api/internal/ent/department_create.go:274.77,276.4 1 0
gin-crud-api/internal/ent/department_create.go:278.2,278.19 1 0
gin-crud-api/internal/ent/department_create.go:282.74,284.16 2 0
gin-crud-api/internal/ent/department_create.go:284.16,285.13 1 0
gin-crud-api/internal/ent/department_create.go:287.2,287.10 1 0
gin-crud-api/internal/ent/department_create.go:291.65,294.2 2 0
gin-crud-api/internal/ent/department_create.go:297.60,298.37 1 0
gin-crud-api/internal/ent/department_create.go:298.37,299.13 1 0
gin-crud-api/internal/ent/department_delete.go:23.81,26.2 2 0
gin-crud-api/internal/ent/department_delete.go:29.68,31.2 1 0
gin-crud-api/internal/ent/department_delete.go:34.60,36.16 2 0
gin-crud-api/internal/ent/department_delete.go:36.16,37.13 1 0
gin-crud-api/internal/ent/department_delete.go:39.2,39.10 1 0
gin-crud-api/internal/ent/department_delete.go:42.71,44.47 2 0
gin-crud-api/internal/ent/department_delete.go:44.47,45.50 1 0
gin-crud-api/internal/ent/department_delete.go:45.50,46.22 1 0
gin-crud-api/internal/ent/department_delete.go:46.22,48.5 1 0
gin-crud-api/internal/ent/department_delete.go:51.2,52.51 2 0
gin-crud-api/internal/ent/department_delete.go:52.51,54.3 1 0
gin-crud-api/internal/ent/department_delete.go:55.2,56.22 2 0
gin-crud-api/internal/ent/department_delete.go:65.87,68.2 2 0
gin-crud-api/internal/ent/department_delete.go:71.64,73.9 2 0
gin-crud-api/internal/ent/department_delete.go:74.18,75.13 1 0
gin-crud-api/internal/ent/department_delete.go:76.14,77.42 1 0
gin-crud-api/internal/ent/department_delete.go:78.10,79.13 1 0
gin-crud-api/internal/ent/department_delete.go:84.59,85.37 1 0
gin-crud-api/internal/ent/department_delete.go:85.37,86.13 1 0
gin-crud-api/internal/ent/department_query.go:35.79,38.2 2 0
gin-crud-api/internal/ent/department_query.go:41.62,44.2 2 0
gin-crud-api/internal/ent/department_query.go:47.64,50.2 2 0
gin-crud-api/internal/ent/department_query.go:54.65,57.2 2 0
gin-crud-api/internal/ent/department_query.go:60.80,63.2 2 0
gin-crud-api/internal/ent/department_query.go:66.60,68.74 2 0
gin-crud-api/internal/ent/department_query.go:68.74,69.46 1 0
gin-crud-api/internal/ent/department_query.go:69.46,71.4 1 0
gin-crud-api/internal/ent/department_query.go:72.3,73.40 2 0
gin-crud-api/internal/ent/department_query.go:73.40,75.4 1 0
gin-crud-api/internal/ent/department_query.go:76.3,82.20 3 0
gin-crud-api/internal/ent/department_query.go:84.2,84.14 1 0
gin-crud-api/internal/ent/department_query.go:89.76,91.16 2 0
gin-crud-api/internal/ent/department_query.go:91.16,93.3 1 0
gin-crud-api/internal/ent/department_query.go:94.2,94.21 1 0
gin-crud-api/internal/ent/department_query.go:94.21,96.3 1 0
gin-crud-api/internal/ent/department_query.go:97.2,97.22 1 0
gin-crud-api/internal/ent/department_query.go:101.68,103.36 2 0
gin-crud-api/internal/ent/department_query.go:103.36,104.13 1 0
gin-crud-api/internal/ent/department_query.go:106.2,106.13 1 0
gin-crud-api/internal/ent/department_query.go:111.83,113.91 2 0
gin-crud-api/internal/ent/department_query.go:113.91,115.3 1 0
gin-crud-api/internal/ent/department_query.go:116.2,116.19 1 0
gin-crud-api/internal/ent/department_query.go:116.19,119.3 2 0
gin-crud-api/internal/ent/department_query.go:120.2,120.20 1 0
gin-crud-api/internal/ent/department_query.go:124.68,126.36 2 0
gin-crud-api/internal/ent/department_query.go:126.36,127.13 1 0
gin-crud-api/internal/ent/department_query.go:129.2,129.11 1 0
gin-crud-api/internal/ent/department_query.go:135.75,137.16 2 0
gin-crud-api/internal/ent/department_query.go:137.16,139.3 1 0
gin-crud-api/internal/ent/department_query.go:140.2,140.20 1 0
gin-crud-api/internal/ent/department_query.go:141.9,142.23 1 0
gin-crud-api/internal/ent/department_query.go:143.9,144.47 1 0
gin-crud-api/internal/ent/department_query.go:145.10,146.50 1 0
gin-crud-api/internal/ent/department_query.go:151.67,153.16 2 0
gin-crud-api/internal/ent/department_query.go:153.16,154.13 1 0
gin-crud-api/internal/ent/department_query.go:156.2,156.13 1 0
gin-crud-api/internal/ent/department_query.go:162.82,164.90 2 0
gin-crud-api/internal/ent/department_query.go:164.90,166.3 1 0
gin-crud-api/internal/ent/department_query.go:167.2,167.18 1 0
gin-crud-api/internal/ent/department_query.go:168.9,169.14 1 0
gin-crud-api/internal/ent/department_query.go:170.9,171.41 1 0
gin-crud-api/internal/ent/department_query.go:172.10,173.44 1 0
gin-crud-api/internal/ent/department_query.go:175.2,175.8 1 0
gin-crud-api/internal/ent/department_query.go:179.67,181.16 2 0
gin-crud-api/internal/ent/department_query.go:181.16,182.13 1 0
gin-crud-api/internal/ent/department_query.go:184.2,184.11 1 0
gin-crud-api/internal/ent/department_query.go:188.76,190.45 2 0
gin-crud-api/internal/ent/department_query.go:190.45,192.3 1 0
gin-crud-api/internal/ent/department_query.go:193.2,194.64 2 0
gin-crud-api/internal/ent/department_query.go:198.68,200.16 2 0
gin-crud-api/internal/ent/department_query.go:200.16,201.13 1 0
gin-crud-api/internal/ent/department_query.go:203.2,203.14 1 0
gin-crud-api/internal/ent/department_query.go:207.82,208.44 1 0
gin-crud-api/internal/ent/department_query.go:208.44,210.3 1 0
gin-crud-api/internal/ent/department_query.go:211.2,212.69 2 0
gin-crud-api/internal/ent/department_query.go:212.69,214.3 1 0
gin-crud-api/internal/ent/department_query.go:215.2,215.17 1 0
gin-crud-api/internal/ent/department_query.go:219.66,221.16 2 0
gin-crud-api/internal/ent/department_query.go:221.16,222.13 1 0
gin-crud-api/internal/ent/department_query.go:224.2,224.12 1 0
gin-crud-api/internal/ent/department_query.go:228.68,230.45 2 0
gin-crud-api/internal/ent/department_query.go:230.45,232.3 1 0
gin-crud-api/internal/ent/department_query.go:233.2,233.84 1 0
gin-crud-api/internal/ent/department_query.go:237.60,239.16 2 0
gin-crud-api/internal/ent/department_query.go:239.16,240.13 1 0
gin-crud-api/internal/ent/department_query.go:242.2,242.14 1 0
gin-crud-api/internal/ent/department_query.go:246.69,248.36 2 0
gin-crud-api/internal/ent/department_query.go:249.23,250.20 1 0
gin-crud-api/internal/ent/department_query.go:251.18,252.60 1 0
gin-crud-api/internal/ent/department_query.go:253.10,254.19 1 0
gin-crud-api/internal/ent/department_query.go:259.61,261.16 2 0
gin-crud-api/internal/ent/department_query.go:261.16,262.13 1 0
gin-crud-api/internal/ent/department_query.go:264.2,264.14 1 0
gin-crud-api/internal/ent/department_query.go:269.53,270.15 1 0
gin-crud-api/internal/ent/department_query.go:270.15,272.3 1 0
gin-crud-api/internal/ent/department_query.go:273.2,283.3 1 0
gin-crud-api/internal/ent/department_query.go:288.89,290.27 2 0
gin-crud-api/internal/ent/department_query.go:290.27,292.3 1 0
gin-crud-api/internal/ent/department_query.go:293.2,294.11 2 0
gin-crud-api/internal/ent/department_query.go:311.87,318.2 6 0
gin-crud-api/internal/ent/department_query.go:332.71,338.2 5 0
gin-crud-api/internal/ent/department_query.go:341.78,343.2 1 0
gin-crud-api/internal/ent/department_query.go:345.68,346.34 1 0
gin-crud-api/internal/ent/department_query.go:346.34,347.19 1 0
gin-crud-api/internal/ent/department_query.go:347.19,349.4 1 0
gin-crud-api/internal/ent/department_query.go:350.3,350.39 1 0
gin-crud-api/internal/ent/department_query.go:350.39,351.48 1 0
gin-crud-api/internal/ent/department_query.go:351.48,353.5 1 0
gin-crud-api/internal/ent/department_query.go:356.2,356.34 1 0
gin-crud-api/internal/ent/department_query.go:356.34,357.33 1 0
gin-crud-api/internal/ent/department_query.go:357.33,359.4 1 0
gin-crud-api/internal/ent/department_query.go:361.2,361.20 1 0
gin-crud-api/internal/ent/department_query.go:361.20,363.17 2 0
gin-crud-api/internal/ent/department_query.go:363.17,365.4 1 0
gin-crud-api/internal/ent/department_query.go:366.3,366.16 1 0
gin-crud-api/internal/ent/department_query.go:368.2,368.12 1 0
gin-crud-api/internal/ent/department_query.go:371.99,379.59 2 0
gin-crud-api/internal/ent/department_query.go:379.59,381.3 1 0
gin-crud-api/internal/ent/department_query.go:382.2,382.60 1 0
gin-crud-api/internal/ent/department_query.go:382.60,387.3 4 0
gin-crud-api/internal/ent/department_query.go:388.2,388.23 1 0
gin-crud-api/internal/ent/department_query.go:388.23,390.3 1 0
gin-crud-api/internal/ent/department_query.go:391.2,391.67 1 0
gin-crud-api/internal/ent/department_query.go:391.67,393.3 1 0
gin-crud-api/internal/ent/department_query.go:394.2,394.21 1 0
gin-crud-api/internal/ent/department_query.go:394.21,396.3 1 0
gin-crud-api/internal/ent/department_query.go:397.2,397.45 1 0
gin-crud-api/internal/ent/department_query.go:397.45,399.24 1 0
gin-crud-api/internal/ent/department_query.go:399.24,399.61 1 0
gin-crud-api/internal/ent/department_query.go:400.37,400.89 1 0
gin-crud-api/internal/ent/department_query.go:400.103,402.4 1 0
gin-crud-api/internal/ent/department_query.go:404.2,404.19 1 0
gin-crud-api/internal/ent/department_query.go:407.173,410.23 3 0
gin-crud-api/internal/ent/department_query.go:410.23,413.18 3 0
gin-crud-api/internal/ent/department_query.go:413.18,415.4 1 0
gin-crud-api/internal/ent/department_query.go:417.2,417.31 1 0
gin-crud-api/internal/ent/department_query.go:417.31,419.3 1 0
gin-crud-api/internal/ent/department_query.go:420.2,420.55 1 0
gin-crud-api/internal/ent/department_query.go:420.55,422.3 1 0
gin-crud-api/internal/ent/department_query.go:423.2,424.16 2 0
gin-crud-api/internal/ent/department_query.go:424.16,426.3 1 0
gin-crud-api/internal/ent/department_query.go:427.2,427.30 1 0
gin-crud-api/internal/ent/department_query.go:427.30,430.10 3 0
gin-crud-api/internal/ent/department_query.go:430.10,432.4 1 0
gin-crud-api/internal/ent/department_query.go:433.3,433.18 1 0
gin-crud-api/internal/ent/department_query.go:435.2,435.12 1 0
gin-crud-api/internal/ent/department_query.go:438.71,441.28 3 0
gin-crud-api/internal/ent/department_query.go:441.28,443.3 1 0
gin-crud-api/internal/ent/department_query.go:444.2,444.51 1 0
gin-crud-api/internal/ent/department_query.go:447.60,450.44 3 0
gin-crud-api/internal/ent/department_query.go:450.44,452.3 1 0
gin-crud-api/internal/ent/department_query.go:452.8,452.27 1 0
gin-crud-api/internal/ent/department_query.go:452.27,454.3 1 0
gin-crud-api/internal/ent/department_query.go:455.2,455.46 1 0
gin-crud-api/internal/ent/department_query.go:455.46,458.25 3 0
gin-crud-api/internal/ent/department_query.go:458.25,459.39 1 0
gin-crud-api/internal/ent/department_query.go:459.39,461.5 1 0
gin-crud-api/internal/ent/department_query.go:464.2,464.38 1 0
gin-crud-api/internal/ent/department_query.go:464.38,465.50 1 0
gin-crud-api/internal/ent/department_query.go:465.50,466.22 1 0
gin-crud-api/internal/ent/department_query.go:466.22,468.5 1 0
gin-crud-api/internal/ent/department_query.go:471.2,471.41 1 0
gin-crud-api/internal/ent/department_query.go:471.41,473.3 1 0
gin-crud-api/internal/ent/department_query.go:474.2,474.44 1 0
gin-crud-api/internal/ent/department_query.go:474.44,476.3 1 0
gin-crud-api/internal/ent/department_query.go:477.2,477.33 1 0
gin-crud-api/internal/ent/department_query.go:477.33,478.46 1 0
gin-crud-api/internal/ent/department_query.go:478.46,479.22 1 0
gin-crud-api/internal/ent/department_query.go:479.22,481.5 1 0
gin-crud-api/internal/ent/department_query.go:484.2,484.14 1 0
gin-crud-api/internal/ent/department_query.go:487.72,491.23 4 0
gin-crud-api/internal/ent/department_query.go:491.23,493.3 1 0
gin-crud-api/internal/ent/department_query.go:494.2,495.19 2 0
gin-crud-api/internal/ent/department_query.go:495.19,498.3 2 0
gin-crud-api/internal/ent/department_query.go:499.2,499.44 1 0
gin-crud-api/internal/ent/department_query.go:499.44,501.3 1 0
gin-crud-api/internal/ent/department_query.go:502.2,502.34 1 0
gin-crud-api/internal/ent/department_query.go:502.34,504.3 1 0
gin-crud-api/internal/ent/department_query.go:505.2,505.29 1 0
gin-crud-api/internal/ent/department_query.go:505.29,507.3 1 0
gin-crud-api/internal/ent/department_query.go:508.2,508.44 1 0
gin-crud-api/internal/ent/department_query.go:508.44,512.3 1 0
gin-crud-api/internal/ent/department_query.go:513.2,513.41 1 0
gin-crud-api/internal/ent/department_query.go:513.41,515.3 1 0
gin-crud-api/internal/ent/department_query.go:516.2,516.17 1 0
gin-crud-api/internal/ent/department_query.go:526.81,529.2 2 0
gin-crud-api/internal/ent/department_query.go:532.69,534.51 2 0
gin-crud-api/internal/ent/department_query.go:534.51,536.3 1 0
gin-crud-api/internal/ent/department_query.go:537.2,537.106 1 0
gin-crud-api/internal/ent/department_query.go:540.95,543.28 3 0
gin-crud-api/internal/ent/department_query.go:543.28,545.3 1 0
gin-crud-api/internal/ent/department_query.go:546.2,546.42 1 0
gin-crud-api/internal/ent/department_query.go:546.42,548.30 2 0
gin-crud-api/internal/ent/department_query.go:548.30,550.4 1 0
gin-crud-api/internal/ent/department_query.go:551.3,552.30 2 0
gin-crud-api/internal/ent/department_query.go:554.2,555.39 2 0
gin-crud-api/internal/ent/department_query.go:555.39,557.3 1 0
gin-crud-api/internal/ent/department_query.go:558.2,560.70 3 0
gin-crud-api/internal/ent/department_query.go:560.70,562.3 1 0
gin-crud-api/internal/ent/department_query.go:563.2,564.31 2 0
gin-crud-api/internal/ent/department_query.go:574.79,577.2 2 0
gin-crud-api/internal/ent/department_query.go:580.68,582.45 2 0
gin-crud-api/internal/ent/department_query.go:582.45,584.3 1 0
gin-crud-api/internal/ent/department_query.go:585.2,585.109 1 0
gin-crud-api/internal/ent/department_query.go:588.94,591.28 3 0
gin-crud-api/internal/ent/department_query.go:591.28,593.3 1 0
gin-crud-api/internal/ent/department_query.go:594.2,594.38 1 0
gin-crud-api/internal/ent/department_query.go:595.38,596.34 1 0
gin-crud-api/internal/ent/department_query.go:597.38,598.40 1 0
gin-crud-api/internal/ent/department_query.go:600.2,602.64 3 0
gin-crud-api/internal/ent/department_query.go:602.64,604.3 1 0
gin-crud-api/internal/ent/department_query.go:605.2,606.31 2 0
gin-crud-api/internal/ent/department_update.go:28.81,31.2 2 0
gin-crud-api/internal/ent/department_update.go:34.65,37.2 2 0
gin-crud-api/internal/ent/department_update.go:40.74,41.14 1 0
gin-crud-api/internal/ent/department_update.go:41.14,43.3 1 0
gin-crud-api/internal/ent/department_update.go:44.2,44.11 1 0
gin-crud-api/internal/ent/department_update.go:48.73,51.2 2 0
gin-crud-api/internal/ent/department_update.go:54.80,57.2 2 0
gin-crud-api/internal/ent/department_update.go:60.76,62.19 2 0
gin-crud-api/internal/ent/department_update.go:62.19,64.3 1 0
gin-crud-api/internal/ent/department_update.go:65.2,65.34 1 0
gin-crud-api/internal/ent/department_update.go:69.60,71.2 1 0
gin-crud-api/internal/ent/department_update.go:74.64,77.2 2 0
gin-crud-api/internal/ent/department_update.go:80.83,83.2 2 0
gin-crud-api/internal/ent/department_update.go:86.79,88.19 2 0
gin-crud-api/internal/ent/department_update.go:88.19,90.3 1 0
gin-crud-api/internal/ent/department_update.go:91.2,91.37 1 0
gin-crud-api/internal/ent/department_update.go:95.68,98.2 2 0
gin-crud-api/internal/ent/department_update.go:101.60,103.16 2 0
gin-crud-api/internal/ent/department_update.go:103.16,104.13 1 0
gin-crud-api/internal/ent/department_update.go:106.2,106.17 1 0
gin-crud-api/internal/ent/department_update.go:110.61,113.2 2 0
gin-crud-api/internal/ent/department_update.go:116.56,117.37 1 0
gin-crud-api/internal/ent/department_update.go:117.37,118.13 1 0
gin-crud-api/internal/ent/department_update.go:123.40,124.43 1 0
gin-crud-api/internal/ent/department_update.go:124.43,127.3 2 0
gin-crud-api/internal/ent/department_update.go:131.43,132.37 1 0
gin-crud-api/internal/ent/department_update.go:132.37,133.53 1 0
gin-crud-api/internal/ent/department_update.go:133.53,135.4 1 0
gin-crud-api/internal/ent/department_update.go:137.2,137.12 1 0
gin-crud-api/internal/ent/department_update.go:140.81,141.35 1 0
gin-crud-api/internal/ent/department_update.go:141.35,143.3 1 0
gin-crud-api/internal/ent/department_update.go:144.2,145.47 2 0
gin-crud-api/internal/ent/department_update.go:145.47,146.50 1 0
gin-crud-api/internal/ent/department_update.go:146.50,147.22 1 0
gin-crud-api/internal/ent/department_update.go:147.22,149.5 1 0
gin-crud-api/internal/ent/department_update.go:152.2,152.41 1 0
gin-crud-api/internal/ent/department_update.go:152.41,154.3 1 0
gin-crud-api/internal/ent/department_update.go:155.2,155.46 1 0
gin-crud-api/internal/ent/department_update.go:155.46,157.3 1 0
gin-crud-api/internal/ent/department_update.go:158.2,158.36 1 0
gin-crud-api/internal/ent/department_update.go:158.36,170.3 2 0
gin-crud-api/internal/ent/department_update.go:171.2,171.99 1 0
gin-crud-api/internal/ent/department_update.go:171.99,182.27 2 0
gin-crud-api/internal/ent/department_update.go:182.27,184.4 1 0
gin-crud-api/internal/ent/department_update.go:185.3,185.54 1 0
gin-crud-api/internal/ent/department_update.go:187.2,187.57 1 0
gin-crud-api/internal/ent/department_update.go:187.57,198.27 2 0
gin-crud-api/internal/ent/department_update.go:198.27,200.4 1 0
gin-crud-api/internal/ent/department_update.go:201.3,201.50 1 0
gin-crud-api/internal/ent/department_update.go:203.2,203.74 1 0
gin-crud-api/internal/ent/department_update.go:203.74,204.49 1 0
gin-crud-api/internal/ent/department_update.go:204.49,206.4 1 0
gin-crud-api/internal/ent/department_update.go:206.9,206.45 1 0
gin-crud-api/internal/ent/department_update.go:206.45,208.4 1 0
gin-crud-api/internal/ent/department_update.go:209.3,209.16 1 0
gin-crud-api/internal/ent/department_update.go:211.2,212.19 2 0
gin-crud-api/internal/ent/department_update.go:224.71,227.2 2 0
gin-crud-api/internal/ent/department_update.go:230.80,231.14 1 0
gin-crud-api/internal/ent/department_update.go:231.14,233.3 1 0
gin-crud-api/internal/ent/department_update.go:234.2,234.11 1 0
gin-crud-api/internal/ent/department_update.go:238.79,241.2 2 0
gin-crud-api/internal/ent/department_update.go:244.86,247.2 2 0
gin-crud-api/internal/ent/department_update.go:250.82,252.19 2 0
gin-crud-api/internal/ent/department_update.go:252.19,254.3 1 0
gin-crud-api/internal/ent/department_update.go:255.2,255.34 1 0
gin-crud-api/internal/ent/department_update.go:259.63,261.2 1 0
gin-crud-api/internal/ent/department_update.go:264.70,267.2 2 0
gin-crud-api/internal/ent/department_update.go:270.89,273.2 2 0
gin-crud-api/internal/ent/department_update.go:276.85,278.19 2 0
gin-crud-api/internal/ent/department_update.go:278.19,280.3 1 0
gin-crud-api/internal/ent/department_update.go:281.2,281.37 1 0
gin-crud-api/internal/ent/department_update.go:285.87,288.2 2 0
gin-crud-api/internal/ent/department_update.go:292.92,295.2 2 0
gin-crud-api/internal/ent/department_update.go:298.79,301.2 2 0
gin-crud-api/internal/ent/department_update.go:304.71,306.16 2 0
gin-crud-api/internal/ent/department_update.go:306.16,307.13 1 0
gin-crud-api/internal/ent/department_update.go:309.2,309.13 1 0
gin-crud-api/internal/ent/department_update.go:313.64,316.2 2 0
gin-crud-api/internal/ent/department_update.go:319.59,320.37 1 0
gin-crud-api/internal/ent/department_update.go:320.37,321.13 1 0
gin-crud-api/internal/ent/department_update.go:326.43,327.43 1 0
gin-crud-api/internal/ent/department_update.go:327.43,330.3 2 0
gin-crud-api/internal/ent/department_update.go:334.46,335.37 1 0
gin-crud-api/internal/ent/department_update.go:335.37,336.53 1 0
gin-crud-api/internal/ent/department_update.go:336.53,338.4 1 0
gin-crud-api/internal/ent/department_update.go:340.2,340.12 1 0
gin-crud-api/internal/ent/department_update.go:343.92,344.35 1 0
gin-crud-api/internal/ent/department_update.go:344.35,346.3 1 0
gin-crud-api/internal/ent/department_update.go:347.2,349.9 3 0
gin-crud-api/internal/ent/department_update.go:349.9,351.3 1 0
gin-crud-api/internal/ent/department_update.go:352.2,353.42 2 0
gin-crud-api/internal/ent/department_update.go:353.42,356.28 3 0
gin-crud-api/internal/ent/department_update.go:356.28,357.34 1 0
gin-crud-api/internal/ent/department_update.go:357.34,359.5 1 0
gin-crud-api/internal/ent/department_update.go:360.4,360.31 1 0
gin-crud-api/internal/ent/department_update.go:360.31,362.5 1 0
gin-crud-api/internal/ent/department_update.go:365.2,365.47 1 0
gin-crud-api/internal/ent/department_update.go:365.47,366.50 1 0
gin-crud-api/internal/ent/department_update.go:366.50,367.22 1 0
gin-crud-api/internal/ent/department_update.go:367.22,369.5 1 0
gin-crud-api/internal/ent/department_update.go:372.2,372.41 1 0
gin-crud-api/internal/ent/department_update.go:372.41,374.3 1 0
gin-crud-api/internal/ent/department_update.go:375.2,375.46 1 0
gin-crud-api/internal/ent/department_update.go:375.46,377.3 1 0
gin-crud-api/internal/ent/department_update.go:378.2,378.36 1 0
gin-crud-api/internal/ent/department_update.go:378.36,390.3 2 0
gin-crud-api/internal/ent/department_update.go:391.2,391.99 1 0
gin-crud-api/internal/ent/department_update.go:391.99,402.27 2 0
gin-crud-api/internal/ent/department_update.go:402.27,404.4 1 0
gin-crud-api/internal/ent/department_update.go:405.3,405.54 1 0
gin-crud-api/internal/ent/department_update.go:407.2,407.57 1 0
gin-crud-api/internal/ent/department_update.go:407.57,418.27 2 0
gin-crud-api/internal/ent/department_update.go:418.27,420.4 1 0
gin-crud-api/internal/ent/department_update.go:421.3,421.50 1 0
gin-crud-api/internal/ent/department_update.go:423.2,426.66 4 0
gin-crud-api/internal/ent/department_update.go:426.66,427.49 1 0
gin-crud-api/internal/ent/department_update.go:427.49,429.4 1 0
gin-crud-api/internal/ent/department_update.go:429.9,429.45 1 0
gin-crud-api/internal/ent/department_update.go:429.45,431.4 1 0
gin-crud-api/internal/ent/department_update.go:432.3,432.18 1 0
gin-crud-api/internal/ent/department_update.go:434.2,435.19 2 0
gin-crud-api/internal/ent/employee.go:50.63,51.25 1 0
gin-crud-api/internal/ent/employee.go:51.25,53.3 1 0
gin-crud-api/internal/ent/employee.go:53.8,53.29 1 0
gin-crud-api/internal/ent/employee.go:53.29,55.3 1 0
gin-crud-api/internal/ent/employee.go:56.2,56.49 1 0
gin-crud-api/internal/ent/employee.go:60.62,62.25 2 0
gin-crud-api/internal/ent/employee.go:62.25,63.21 1 0
gin-crud-api/internal/ent/employee.go:64.48,65.35 1 0
gin-crud-api/internal/ent/employee.go:66.57,67.33 1 0
gin-crud-api/internal/ent/employee.go:68.53,69.30 1 0
gin-crud-api/internal/ent/employee.go:70.11,71.36 1 0
gin-crud-api/internal/ent/employee.go:74.2,74.20 1 0
gin-crud-api/internal/ent/employee.go:79.72,80.46 1 0
gin-crud-api/internal/ent/employee.go:80.46,82.3 1 0
gin-crud-api/internal/ent/employee.go:83.2,83.25 1 0
gin-crud-api/internal/ent/employee.go:83.25,84.21 1 0
gin-crud-api/internal/ent/employee.go:85.25,86.48 1 0
gin-crud-api/internal/ent/employee.go:86.48,88.5 1 0
gin-crud-api/internal/ent/employee.go:88.10,88.27 1 0
gin-crud-api/internal/ent/employee.go:88.27,90.5 1 0
gin-crud-api/internal/ent/employee.go:91.27,92.53 1 0
gin-crud-api/internal/ent/employee.go:92.53,94.5 1 0
gin-crud-api/internal/ent/employee.go:94.10,94.26 1 0
gin-crud-api/internal/ent/employee.go:94.26,96.5 1 0
gin-crud-api/internal/ent/employee.go:97.28,98.53 1 0
gin-crud-api/internal/ent/employee.go:98.53,100.5 1 0
gin-crud-api/internal/ent/employee.go:100.10,100.26 1 0
gin-crud-api/internal/ent/employee.go:100.26,102.5 1 0
gin-crud-api/internal/ent/employee.go:103.35,104.48 1 0
gin-crud-api/internal/ent/employee.go:104.48,106.5 1 0
gin-crud-api/internal/ent/employee.go:106.10,106.27 1 0
gin-crud-api/internal/ent/employee.go:106.27,108.5 1 0
gin-crud-api/internal/ent/employee.go:109.32,110.51 1 0
gin-crud-api/internal/ent/employee.go:110.51,112.5 1 0
gin-crud-api/internal/ent/employee.go:112.10,112.26 1 0
gin-crud-api/internal/ent/employee.go:112.26,114.5 1 0
gin-crud-api/internal/ent/employee.go:115.32,116.51 1 0
gin-crud-api/internal/ent/employee.go:116.51,118.5 1 0
gin-crud-api/internal/ent/employee.go:118.10,118.26 1 0
gin-crud-api/internal/ent/employee.go:118.26,120.5 1 0
gin-crud-api/internal/ent/employee.go:121.11,122.46 1 0
gin-crud-api/internal/ent/employee.go:125.2,125.12 1 0
gin-crud-api/internal/ent/employee.go:130.59,132.2 1 0
gin-crud-api/internal/ent/employee.go:135.56,137.2 1 0
gin-crud-api/internal/ent/employee.go:142.49,144.2 1 0
gin-crud-api/internal/ent/employee.go:148.40,150.9 2 0
gin-crud-api/internal/ent/employee.go:150.9,151.55 1 0
gin-crud-api/internal/ent/employee.go:153.2,154.11 2 0
gin-crud-api/internal/ent/employee.go:158.37,178.2 19 0
gin-crud-api/internal/ent/employee_create.go:26.61,29.2 2 0
gin-crud-api/internal/ent/employee_create.go:32.62,35.2 2 0
gin-crud-api/internal/ent/employee_create.go:38.72,41.2 2 0
gin-crud-api/internal/ent/employee_create.go:44.69,47.2 2 0
gin-crud-api/internal/ent/employee_create.go:50.78,51.14 1 0
gin-crud-api/internal/ent/employee_create.go:51.14,53.3 1 0
gin-crud-api/internal/ent/employee_create.go:54.2,54.11 1 0
gin-crud-api/internal/ent/employee_create.go:58.69,61.2 2 0
gin-crud-api/internal/ent/employee_create.go:64.78,65.14 1 0
gin-crud-api/internal/ent/employee_create.go:65.14,67.3 1 0
gin-crud-api/internal/ent/employee_create.go:68.2,68.11 1 0
gin-crud-api/internal/ent/employee_create.go:72.62,75.2 2 0
gin-crud-api/internal/ent/employee_create.go:78.71,79.14 1 0
gin-crud-api/internal/ent/employee_create.go:79.14,81.3 1 0
gin-crud-api/internal/ent/employee_create.go:82.2,82.11 1 0
gin-crud-api/internal/ent/employee_create.go:86.72,88.2 1 0
gin-crud-api/internal/ent/employee_create.go:91.56,93.2 1 0
gin-crud-api/internal/ent/employee_create.go:96.72,99.2 2 0
gin-crud-api/internal/ent/employee_create.go:102.64,104.16 2 0
gin-crud-api/internal/ent/employee_create.go:104.16,105.13 1 0
gin-crud-api/internal/ent/employee_create.go:107.2,107.10 1 0
gin-crud-api/internal/ent/employee_create.go:111.59,114.2 2 0
gin-crud-api/internal/ent/employee_create.go:117.54,118.37 1 0
gin-crud-api/internal/ent/employee_create.go:118.37,119.13 1 0
gin-crud-api/internal/ent/employee_create.go:124.38,125.43 1 0
gin-crud-api/internal/ent/employee_create.go:125.43,128.3 2 0
gin-crud-api/internal/ent/employee_create.go:129.2,129.43 1 0
gin-crud-api/internal/ent/employee_create.go:129.43,132.3 2 0
gin-crud-api/internal/ent/employee_create.go:133.2,133.36 1 0
gin-crud-api/internal/ent/employee_create.go:133.36,136.3 2 0
gin-crud-api/internal/ent/employee_create.go:140.41,141.38 1 0
gin-crud-api/internal/ent/employee_create.go:141.38,143.3 1 0
gin-crud-api/internal/ent/employee_create.go:144.2,144.37 1 0
gin-crud-api/internal/ent/employee_create.go:144.37,145.51 1 0
gin-crud-api/internal/ent/employee_create.go:145.51,147.4 1 0
gin-crud-api/internal/ent/employee_create.go:149.2,149.39 1 0
gin-crud-api/internal/ent/employee_create.go:149.39,151.3 1 0
gin-crud-api/internal/ent/employee_create.go:152.2,152.38 1 0
gin-crud-api/internal/ent/employee_create.go:152.38,153.52 1 0
gin-crud-api/internal/ent/employee_create.go:153.52,155.4 1 0
gin-crud-api/internal/ent/employee_create.go:157.2,157.46 1 0
gin-crud-api/internal/ent/employee_create.go:157.46,159.3 1 0
gin-crud-api/internal/ent/employee_create.go:160.2,160.43 1 0
gin-crud-api/internal/ent/employee_create.go:160.43,162.3 1 0
gin-crud-api/internal/ent/employee_create.go:163.2,163.43 1 0
gin-crud-api/internal/ent/employee_create.go:163.43,165.3 1 0
gin-crud-api/internal/ent/employee_create.go:166.2,166.43 1 0
gin-crud-api/internal/ent/employee_create.go:166.43,168.3 1 0
gin-crud-api/internal/ent/employee_create.go:169.2,169.12 1 0
gin-crud-api/internal/ent/employee_create.go:172.75,173.35 1 0
gin-crud-api/internal/ent/employee_create.go:173.35,175.3 1 0
gin-crud-api/internal/ent/employee_create.go:176.2,177.67 2 0
gin-crud-api/internal/ent/employee_create.go:177.67,178.38 1 0
gin-crud-api/internal/ent/employee_create.go:178.38,180.4 1 0
gin-crud-api/internal/ent/employee_create.go:181.3,181.18 1 0
gin-crud-api/internal/ent/employee_create.go:183.2,183.27 1 0
gin-crud-api/internal/ent/employee_create.go:183.27,184.48 1 0
gin-crud-api/internal/ent/employee_create.go:184.48,186.4 1 0
gin-crud-api/internal/ent/employee_create.go:186.9,186.62 1 0
gin-crud-api/internal/ent/employee_create.go:186.62,188.4 1 0
gin-crud-api/internal/ent/employee_create.go:190.2,192.19 3 0
gin-crud-api/internal/ent/employee_create.go:195.74,200.36 2 0
gin-crud-api/internal/ent/employee_create.go:200.36,203.3 2 0
gin-crud-api/internal/ent/employee_create.go:204.2,204.41 1 0
gin-crud-api/internal/ent/employee_create.go:204.41,207.3 2 0
gin-crud-api/internal/ent/employee_create.go:208.2,208.42 1 0
gin-crud-api/internal/ent/employee_create.go:208.42,211.3 2 0
gin-crud-api/internal/ent/employee_create.go:212.2,212.46 1 0
gin-crud-api/internal/ent/employee_create.go:212.46,215.3 2 0
gin-crud-api/internal/ent/employee_create.go:216.2,216.46 1 0
gin-crud-api/internal/ent/employee_create.go:216.46,219.3 2 0
gin-crud-api/internal/ent/employee_create.go:220.2,220.58 1 0
gin-crud-api/internal/ent/employee_create.go:220.58,231.27 2 0
gin-crud-api/internal/ent/employee_create.go:231.27,233.4 1 0
gin-crud-api/internal/ent/employee_create.go:234.3,235.42 2 0
gin-crud-api/internal/ent/employee_create.go:237.2,237.21 1 0
gin-crud-api/internal/ent/employee_create.go:248.78,249.19 1 0
gin-crud-api/internal/ent/employee_create.go:249.19,251.3 1 0
gin-crud-api/internal/ent/employee_create.go:252.2,255.29 4 0
gin-crud-api/internal/ent/employee_create.go:255.29,256.37 1 0
gin-crud-api/internal/ent/employee_create.go:256.37,259.86 3 0
gin-crud-api/internal/ent/employee_create.go:259.86,261.12 2 0
gin-crud-api/internal/ent/employee_create.go:261.12,263.6 1 0
gin-crud-api/internal/ent/employee_create.go:264.5,264.43 1 0
gin-crud-api/internal/ent/employee_create.go:264.43,266.6 1 0
gin-crud-api/internal/ent/employee_create.go:267.5,270.28 4 0
gin-crud-api/internal/ent/employee_create.go:270.28,272.6 1 0
gin-crud-api/internal/ent/employee_create.go:272.11,275.70 2 0
gin-crud-api/internal/ent/employee_create.go:275.70,276.42 1 0
gin-crud-api/internal/ent/employee_create.go:276.42,278.8 1 0
gin-crud-api/internal/ent/employee_create.go:281.5,281.19 1 0
gin-crud-api/internal/ent/employee_create.go:281.19,283.6 1 0
gin-crud-api/internal/ent/employee_create.go:284.5,286.25 3 0
gin-crud-api/internal/ent/employee_create.go:288.4,288.49 1 0
gin-crud-api/internal/ent/employee_create.go:288.49,290.5 1 0
gin-crud-api/internal/ent/employee_create.go:291.4,291.21 1 0
gin-crud-api/internal/ent/employee_create.go:294.2,294.23 1 0
gin-crud-api/internal/ent/employee_create.go:294.23,295.77 1 0
gin-crud-api/internal/ent/employee_create.go:295.77,297.4 1 0
gin-crud-api/internal/ent/employee_create.go:299.2,299.19 1 0
gin-crud-api/internal/ent/employee_create.go:303.70,305.16 2 0
gin-crud-api/internal/ent/employee_create.go:305.16,306.13 1 0
gin-crud-api/internal/ent/employee_create.go:308.2,308.10 1 0
gin-crud-api/internal/ent/employee_create.go:312.63,315.2 2 0
gin-crud-api/internal/ent/employee_create.go:318.58,319.37 1 0
gin-crud-api/internal/ent/employee_create.go:319.37,320.13 1 0
gin-crud-api/internal/ent/employee_delete.go:23.75,26.2 2 0
gin-crud-api/internal/ent/employee_delete.go:29.66,31.2 1 0
gin-crud-api/internal/ent/employee_delete.go:34.58,36.16 2 0
gin-crud-api/internal/ent/employee_delete.go:36.16,37.13 1 0
gin-crud-api/internal/ent/employee_delete.go:39.2,39.10 1 0
gin-crud-api/internal/ent/employee_delete.go:42.69,44.47 2 0
gin-crud-api/internal/ent/employee_delete.go:44.47,45.50 1 0
gin-crud-api/internal/ent/employee_delete.go:45.50,46.22 1 0
gin-crud-api/internal/ent/employee_delete.go:46.22,48.5 1 0
gin-crud-api/internal/ent/employee_delete.go:51.2,52.51 2 0
gin-crud-api/internal/ent/employee_delete.go:52.51,54.3 1 0
gin-crud-api/internal/ent/employee_delete.go:55.2,56.22 2 0
gin-crud-api/internal/ent/employee_delete.go:65.81,68.2 2 0
gin-crud-api/internal/ent/employee_delete.go:71.62,73.9 2 0
gin-crud-api/internal/ent/employee_delete.go:74.18,75.13 1 0
gin-crud-api/internal/ent/employee_delete.go:76.14,77.40 1 0
gin-crud-api/internal/ent/employee_delete.go:78.10,79.13 1 0
gin-crud-api/internal/ent/employee_delete.go:84.57,85.37 1 0
gin-crud-api/internal/ent/employee_delete.go:85.37,86.13 1 0
gin-crud-api/internal/ent/employee_query.go:34.73,37.2 2 0
gin-crud-api/internal/ent/employee_query.go:40.58,43.2 2 0
gin-crud-api/internal/ent/employee_query.go:46.60,49.2 2 0
gin-crud-api/internal/ent/employee_query.go:53.61,56.2 2 0
gin-crud-api/internal/ent/employee_query.go:59.74,62.2 2 0
gin-crud-api/internal/ent/employee_query.go:65.61,67.74 2 0
gin-crud-api/internal/ent/employee_query.go:67.74,68.46 1 0
gin-crud-api/internal/ent/employee_query.go:68.46,70.4 1 0
gin-crud-api/internal/ent/employee_query.go:71.3,72.40 2 0
gin-crud-api/internal/ent/employee_query.go:72.40,74.4 1 0
gin-crud-api/internal/ent/employee_query.go:75.3,81.20 3 0
gin-crud-api/internal/ent/employee_query.go:83.2,83.14 1 0
gin-crud-api/internal/ent/employee_query.go:88.72,90.16 2 0
gin-crud-api/internal/ent/employee_query.go:90.16,92.3 1 0
gin-crud-api/internal/ent/employee_query.go:93.2,93.21 1 0
gin-crud-api/internal/ent/employee_query.go:93.21,95.3 1 0
gin-crud-api/internal/ent/employee_query.go:96.2,96.22 1 0
gin-crud-api/internal/ent/employee_query.go:100.64,102.36 2 0
gin-crud-api/internal/ent/employee_query.go:102.36,103.13 1 0
gin-crud-api/internal/ent/employee_query.go:105.2,105.13 1 0
gin-crud-api/internal/ent/employee_query.go:110.81,112.91 2 0
gin-crud-api/internal/ent/employee_query.go:112.91,114.3 1 0
gin-crud-api/internal/ent/employee_query.go:115.2,115.19 1 0
gin-crud-api/internal/ent/employee_query.go:115.19,118.3 2 0
gin-crud-api/internal/ent/employee_query.go:119.2,119.20 1 0
gin-crud-api/internal/ent/employee_query.go:123.66,125.36 2 0
gin-crud-api/internal/ent/employee_query.go:125.36,126.13 1 0
gin-crud-api/internal/ent/employee_query.go:128.2,128.11 1 0
gin-crud-api/internal/ent/employee_query.go:134.71,136.16 2 0
gin-crud-api/internal/ent/employee_query.go:136.16,138.3 1 0
gin-crud-api/internal/ent/employee_query.go:139.2,139.20 1 0
gin-crud-api/internal/ent/employee_query.go:140.9,141.23 1 0
gin-crud-api/internal/ent/employee_query.go:142.9,143.45 1 0
gin-crud-api/internal/ent/employee_query.go:144.10,145.48 1 0
gin-crud-api/internal/ent/employee_query.go:150.63,152.16 2 0
gin-crud-api/internal/ent/employee_query.go:152.16,153.13 1 0
gin-crud-api/internal/ent/employee_query.go:155.2,155.13 1 0
gin-crud-api/internal/ent/employee_query.go:161.80,163.90 2 0
gin-crud-api/internal/ent/employee_query.go:163.90,165.3 1 0
gin-crud-api/internal/ent/employee_query.go:166.2,166.18 1 0
gin-crud-api/internal/ent/employee_query.go:167.9,168.14 1 0
gin-crud-api/internal/ent/employee_query.go:169.9,170.39 1 0
gin-crud-api/internal/ent/employee_query.go:171.10,172.42 1 0
gin-crud-api/internal/ent/employee_query.go:174.2,174.8 1 0
gin-crud-api/internal/ent/employee_query.go:178.65,180.16 2 0
gin-crud-api/internal/ent/employee_query.go:180.16,181.13 1 0
gin-crud-api/internal/ent/employee_query.go:183.2,183.11 1 0
gin-crud-api/internal/ent/employee_query.go:187.72,189.45 2 0
gin-crud-api/internal/ent/employee_query.go:189.45,191.3 1 0
gin-crud-api/internal/ent/employee_query.go:192.2,193.62 2 0
gin-crud-api/internal/ent/employee_query.go:197.64,199.16 2 0
gin-crud-api/internal/ent/employee_query.go:199.16,200.13 1 0
gin-crud-api/internal/ent/employee_query.go:202.2,202.14 1 0
gin-crud-api/internal/ent/employee_query.go:206.80,207.44 1 0
gin-crud-api/internal/ent/employee_query.go:207.44,209.3 1 0
gin-crud-api/internal/ent/employee_query.go:210.2,211.67 2 0
gin-crud-api/internal/ent/employee_query.go:211.67,213.3 1 0
gin-crud-api/internal/ent/employee_query.go:214.2,214.17 1 0
gin-crud-api/internal/ent/employee_query.go:218.64,220.16 2 0
gin-crud-api/internal/ent/employee_query.go:220.16,221.13 1 0
gin-crud-api/internal/ent/employee_query.go:223.2,223.12 1 0
gin-crud-api/internal/ent/employee_query.go:227.66,229.45 2 0
gin-crud-api/internal/ent/employee_query.go:229.45,231.3 1 0
gin-crud-api/internal/ent/employee_query.go:232.2,232.82 1 0
gin-crud-api/internal/ent/employee_query.go:236.58,238.16 2 0
gin-crud-api/internal/ent/employee_query.go:238.16,239.13 1 0
gin-crud-api/internal/ent/employee_query.go:241.2,241.14 1 0
gin-crud-api/internal/ent/employee_query.go:245.67,247.36 2 0
gin-crud-api/internal/ent/employee_query.go:248.23,249.20 1 0
gin-crud-api/internal/ent/employee_query.go:250.18,251.60 1 0
gin-crud-api/internal/ent/employee_query.go:252.10,253.19 1 0
gin-crud-api/internal/ent/employee_query.go:258.59,260.16 2 0
gin-crud-api/internal/ent/employee_query.go:260.16,261.13 1 0
gin-crud-api/internal/ent/employee_query.go:263.2,263.14 1 0
gin-crud-api/internal/ent/employee_query.go:268.49,269.15 1 0
gin-crud-api/internal/ent/employee_query.go:269.15,271.3 1 0
gin-crud-api/internal/ent/employee_query.go:272.2,282.3 1 0
gin-crud-api/internal/ent/employee_query.go:287.88,289.27 2 0
gin-crud-api/internal/ent/employee_query.go:289.27,291.3 1 0
gin-crud-api/internal/ent/employee_query.go:292.2,293.11 2 0
gin-crud-api/internal/ent/employee_query.go:310.83,317.2 6 0
gin-crud-api/internal/ent/employee_query.go:331.67,337.2 5 0
gin-crud-api/internal/ent/employee_query.go:340.74,342.2 1 0
gin-crud-api/internal/ent/employee_query.go:344.66,345.34 1 0
gin-crud-api/internal/ent/employee_query.go:345.34,346.19 1 0
gin-crud-api/internal/ent/employee_query.go:346.19,348.4 1 0
gin-crud-api/internal/ent/employee_query.go:349.3,349.39 1 0
gin-crud-api/internal/ent/employee_query.go:349.39,350.48 1 0
gin-crud-api/internal/ent/employee_query.go:350.48,352.5 1 0
gin-crud-api/internal/ent/employee_query.go:355.2,355.34 1 0
gin-crud-api/internal/ent/employee_query.go:355.34,356.31 1 0
gin-crud-api/internal/ent/employee_query.go:356.31,358.4 1 0
gin-crud-api/internal/ent/employee_query.go:360.2,360.20 1 0
gin-crud-api/internal/ent/employee_query.go:360.20,362.17 2 0
gin-crud-api/internal/ent/employee_query.go:362.17,364.4 1 0
gin-crud-api/internal/ent/employee_query.go:365.3,365.16 1 0
gin-crud-api/internal/ent/employee_query.go:367.2,367.12 1 0
gin-crud-api/internal/ent/employee_query.go:370.95,378.59 2 0
gin-crud-api/internal/ent/employee_query.go:378.59,380.3 1 0
gin-crud-api/internal/ent/employee_query.go:381.2,381.60 1 0
gin-crud-api/internal/ent/employee_query.go:381.60,386.3 4 0
gin-crud-api/internal/ent/employee_query.go:387.2,387.23 1 0
gin-crud-api/internal/ent/employee_query.go:387.23,389.3 1 0
gin-crud-api/internal/ent/employee_query.go:390.2,390.67 1 0
gin-crud-api/internal/ent/employee_query.go:390.67,392.3 1 0
gin-crud-api/internal/ent/employee_query.go:393.2,393.21 1 0
gin-crud-api/internal/ent/employee_query.go:393.21,395.3 1 0
gin-crud-api/internal/ent/employee_query.go:396.2,396.46 1 0
gin-crud-api/internal/ent/employee_query.go:396.46,398.37 1 0
gin-crud-api/internal/ent/employee_query.go:398.37,398.63 1 0
gin-crud-api/internal/ent/employee_query.go:398.77,400.4 1 0
gin-crud-api/internal/ent/employee_query.go:402.2,402.19 1 0
gin-crud-api/internal/ent/employee_query.go:405.170,408.23 3 0
gin-crud-api/internal/ent/employee_query.go:408.23,410.32 2 0
gin-crud-api/internal/ent/employee_query.go:410.32,412.4 1 0
gin-crud-api/internal/ent/employee_query.go:413.3,413.46 1 0
gin-crud-api/internal/ent/employee_query.go:415.2,415.19 1 0
gin-crud-api/internal/ent/employee_query.go:415.19,417.3 1 0
gin-crud-api/internal/ent/employee_query.go:418.2,420.16 3 0
gin-crud-api/internal/ent/employee_query.go:420.16,422.3 1 0
gin-crud-api/internal/ent/employee_query.go:423.2,423.30 1 0
gin-crud-api/internal/ent/employee_query.go:423.30,425.10 2 0
gin-crud-api/internal/ent/employee_query.go:425.10,427.4 1 0
gin-crud-api/internal/ent/employee_query.go:428.3,428.24 1 0
gin-crud-api/internal/ent/employee_query.go:428.24,430.4 1 0
gin-crud-api/internal/ent/employee_query.go:432.2,432.12 1 0
gin-crud-api/internal/ent/employee_query.go:435.69,438.28 3 0
gin-crud-api/internal/ent/employee_query.go:438.28,440.3 1 0
gin-crud-api/internal/ent/employee_query.go:441.2,441.51 1 0
gin-crud-api/internal/ent/employee_query.go:444.58,447.44 3 0
gin-crud-api/internal/ent/employee_query.go:447.44,449.3 1 0
gin-crud-api/internal/ent/employee_query.go:449.8,449.27 1 0
gin-crud-api/internal/ent/employee_query.go:449.27,451.3 1 0
gin-crud-api/internal/ent/employee_query.go:452.2,452.46 1 0
gin-crud-api/internal/ent/employee_query.go:452.46,455.25 3 0
gin-crud-api/internal/ent/employee_query.go:455.25,456.37 1 0
gin-crud-api/internal/ent/employee_query.go:456.37,458.5 1 0
gin-crud-api/internal/ent/employee_query.go:460.3,460.31 1 0
gin-crud-api/internal/ent/employee_query.go:460.31,462.4 1 0
gin-crud-api/internal/ent/employee_query.go:464.2,464.38 1 0
gin-crud-api/internal/ent/employee_query.go:464.38,465.50 1 0
gin-crud-api/internal/ent/employee_query.go:465.50,466.22 1 0
gin-crud-api/internal/ent/employee_query.go:466.22,468.5 1 0
gin-crud-api/internal/ent/employee_query.go:471.2,471.41 1 0
gin-crud-api/internal/ent/employee_query.go:471.41,473.3 1 0
gin-crud-api/internal/ent/employee_query.go:474.2,474.44 1 0
gin-crud-api/internal/ent/employee_query.go:474.44,476.3 1 0
gin-crud-api/internal/ent/employee_query.go:477.2,477.33 1 0
gin-crud-api/internal/ent/employee_query.go:477.33,478.46 1 0
gin-crud-api/internal/ent/employee_query.go:478.46,479.22 1 0
gin-crud-api/internal/ent/employee_query.go:479.22,481.5 1 0
gin-crud-api/internal/ent/employee_query.go:484.2,484.14 1 0
gin-crud-api/internal/ent/employee_query.go:487.70,491.23 4 0
gin-crud-api/internal/ent/employee_query.go:491.23,493.3 1 0
gin-crud-api/internal/ent/employee_query.go:494.2,495.19 2 0
gin-crud-api/internal/ent/employee_query.go:495.19,498.3 2 0
gin-crud-api/internal/ent/employee_query.go:499.2,499.44 1 0
gin-crud-api/internal/ent/employee_query.go:499.44,501.3 1 0
gin-crud-api/internal/ent/employee_query.go:502.2,502.34 1 0
gin-crud-api/internal/ent/employee_query.go:502.34,504.3 1 0
gin-crud-api/internal/ent/employee_query.go:505.2,505.29 1 0
gin-crud-api/internal/ent/employee_query.go:505.29,507.3 1 0
gin-crud-api/internal/ent/employee_query.go:508.2,508.44 1 0
gin-crud-api/internal/ent/employee_query.go:508.44,512.3 1 0
gin-crud-api/internal/ent/employee_query.go:513.2,513.41 1 0
gin-crud-api/internal/ent/employee_query.go:513.41,515.3 1 0
gin-crud-api/internal/ent/employee_query.go:516.2,516.17 1 0
gin-crud-api/internal/ent/employee_query.go:526.77,529.2 2 0
gin-crud-api/internal/ent/employee_query.go:532.67,534.51 2 0
gin-crud-api/internal/ent/employee_query.go:534.51,536.3 1 0
gin-crud-api/internal/ent/employee_query.go:537.2,537.102 1 0
gin-crud-api/internal/ent/employee_query.go:540.91,543.28 3 0
gin-crud-api/internal/ent/employee_query.go:543.28,545.3 1 0
gin-crud-api/internal/ent/employee_query.go:546.2,546.42 1 0
gin-crud-api/internal/ent/employee_query.go:546.42,548.30 2 0
gin-crud-api/internal/ent/employee_query.go:548.30,550.4 1 0
gin-crud-api/internal/ent/employee_query.go:551.3,552.30 2 0
gin-crud-api/internal/ent/employee_query.go:554.2,555.39 2 0
gin-crud-api/internal/ent/employee_query.go:555.39,557.3 1 0
gin-crud-api/internal/ent/employee_query.go:558.2,560.70 3 0
gin-crud-api/internal/ent/employee_query.go:560.70,562.3 1 0
gin-crud-api/internal/ent/employee_query.go:563.2,564.31 2 0
gin-crud-api/internal/ent/employee_query.go:574.75,577.2 2 0
gin-crud-api/internal/ent/employee_query.go:580.66,582.45 2 0
gin-crud-api/internal/ent/employee_query.go:582.45,584.3 1 0
gin-crud-api/internal/ent/employee_query.go:585.2,585.103 1 0
gin-crud-api/internal/ent/employee_query.go:588.90,591.28 3 0
gin-crud-api/internal/ent/employee_query.go:591.28,593.3 1 0
gin-crud-api/internal/ent/employee_query.go:594.2,594.38 1 0
gin-crud-api/internal/ent/employee_query.go:595.38,596.34 1 0
gin-crud-api/internal/ent/employee_query.go:597.38,598.40 1 0
gin-crud-api/internal/ent/employee_query.go:600.2,602.64 3 0
gin-crud-api/internal/ent/employee_query.go:602.64,604.3 1 0
gin-crud-api/internal/ent/employee_query.go:605.2,606.31 2 0
gin-crud-api/internal/ent/employee_update.go:28.75,31.2 2 0
gin-crud-api/internal/ent/employee_update.go:34.61,37.2 2 0
gin-crud-api/internal/ent/employee_update.go:40.70,41.14 1 0
gin-crud-api/internal/ent/employee_update.go:41.14,43.3 1 0
gin-crud-api/internal/ent/employee_update.go:44.2,44.11 1 0
gin-crud-api/internal/ent/employee_update.go:48.62,51.2 2 0
gin-crud-api/internal/ent/employee_update.go:54.71,55.14 1 0
gin-crud-api/internal/ent/employee_update.go:55.14,57.3 1 0
gin-crud-api/internal/ent/employee_update.go:58.2,58.11 1 0
gin-crud-api/internal/ent/employee_update.go:62.72,65.2 2 0
gin-crud-api/internal/ent/employee_update.go:68.81,69.14 1 0
gin-crud-api/internal/ent/employee_update.go:69.14,71.3 1 0
gin-crud-api/internal/ent/employee_update.go:72.2,72.11 1 0
gin-crud-api/internal/ent/employee_update.go:76.69,79.2 2 0
gin-crud-api/internal/ent/employee_update.go:82.72,84.2 1 0
gin-crud-api/internal/ent/employee_update.go:87.56,89.2 1 0
gin-crud-api/internal/ent/employee_update.go:92.61,95.2 2 0
gin-crud-api/internal/ent/employee_update.go:98.66,101.2 2 0
gin-crud-api/internal/ent/employee_update.go:104.58,106.16 2 0
gin-crud-api/internal/ent/employee_update.go:106.16,107.13 1 0
gin-crud-api/internal/ent/employee_update.go:109.2,109.17 1 0
gin-crud-api/internal/ent/employee_update.go:113.59,116.2 2 0
gin-crud-api/internal/ent/employee_update.go:119.54,120.37 1 0
gin-crud-api/internal/ent/employee_update.go:120.37,121.13 1 0
gin-crud-api/internal/ent/employee_update.go:126.38,127.43 1 0
gin-crud-api/internal/ent/employee_update.go:127.43,130.3 2 0
gin-crud-api/internal/ent/employee_update.go:134.41,135.37 1 0
gin-crud-api/internal/ent/employee_update.go:135.37,136.51 1 0
gin-crud-api/internal/ent/employee_update.go:136.51,138.4 1 0
gin-crud-api/internal/ent/employee_update.go:140.2,140.38 1 0
gin-crud-api/internal/ent/employee_update.go:140.38,141.52 1 0
gin-crud-api/internal/ent/employee_update.go:141.52,143.4 1 0
gin-crud-api/internal/ent/employee_update.go:145.2,145.77 1 0
gin-crud-api/internal/ent/employee_update.go:145.77,147.3 1 0
gin-crud-api/internal/ent/employee_update.go:148.2,148.12 1 0
gin-crud-api/internal/ent/employee_update.go:151.79,152.35 1 0
gin-crud-api/internal/ent/employee_update.go:152.35,154.3 1 0
gin-crud-api/internal/ent/employee_update.go:155.2,156.47 2 0
gin-crud-api/internal/ent/employee_update.go:156.47,157.50 1 0
gin-crud-api/internal/ent/employee_update.go:157.50,158.22 1 0
gin-crud-api/internal/ent/employee_update.go:158.22,160.5 1 0
gin-crud-api/internal/ent/employee_update.go:163.2,163.41 1 0
gin-crud-api/internal/ent/employee_update.go:163.41,165.3 1 0
gin-crud-api/internal/ent/employee_update.go:166.2,166.42 1 0
gin-crud-api/internal/ent/employee_update.go:166.42,168.3 1 0
gin-crud-api/internal/ent/employee_update.go:169.2,169.46 1 0
gin-crud-api/internal/ent/employee_update.go:169.46,171.3 1 0
gin-crud-api/internal/ent/employee_update.go:172.2,172.37 1 0
gin-crud-api/internal/ent/employee_update.go:172.37,184.3 2 0
gin-crud-api/internal/ent/employee_update.go:185.2,185.58 1 0
gin-crud-api/internal/ent/employee_update.go:185.58,196.27 2 0
gin-crud-api/internal/ent/employee_update.go:196.27,198.4 1 0
gin-crud-api/internal/ent/employee_update.go:199.3,199.50 1 0
gin-crud-api/internal/ent/employee_update.go:201.2,201.74 1 0
gin-crud-api/internal/ent/employee_update.go:201.74,202.49 1 0
gin-crud-api/internal/ent/employee_update.go:202.49,204.4 1 0
gin-crud-api/internal/ent/employee_update.go:204.9,204.45 1 0
gin-crud-api/internal/ent/employee_update.go:204.45,206.4 1 0
gin-crud-api/internal/ent/employee_update.go:207.3,207.16 1 0
[...]
gin-crud-api/internal/graph/generated.go:3922.2,3922.34 1 0
gin-crud-api/internal/graph/generated.go:3925.93,3928.2 2 0
gin-crud-api/internal/graph/generated.go:3930.118,3933.25 3 0
gin-crud-api/internal/graph/generated.go:3933.25,3934.64 1 0
gin-crud-api/internal/graph/generated.go:3934.64,3936.4 1 0
gin-crud-api/internal/graph/generated.go:3938.2,3938.12 1 0
gin-crud-api/internal/graph/generated.go:3941.97,3944.2 2 0
gin-crud-api/internal/graph/generated.go:3946.122,3949.25 3 0
gin-crud-api/internal/graph/generated.go:3949.25,3950.64 1 0
gin-crud-api/internal/graph/generated.go:3950.64,3952.4 1 0
gin-crud-api/internal/graph/generated.go:3954.2,3954.12 1 0
gin-crud-api/internal/graph/generated.go:3957.194,3960.2 2 0
gin-crud-api/internal/graph/generated.go:3962.188,3965.2 2 0
gin-crud-api/internal/graph/generated.go:3967.209,3969.2 1 0
gin-crud-api/internal/graph/generated.go:3971.217,3975.13 4 0
gin-crud-api/internal/graph/generated.go:3975.13,3977.3 1 0
gin-crud-api/internal/graph/generated.go:3978.2,3978.19 1 0
gin-crud-api/internal/graph/generated.go:3978.19,3985.20 4 0
gin-crud-api/internal/graph/generated.go:3985.20,3986.17 1 0
gin-crud-api/internal/graph/generated.go:3986.17,3987.33 1 0
gin-crud-api/internal/graph/generated.go:3987.33,3990.6 2 0
gin-crud-api/internal/graph/generated.go:3992.4,3992.15 1 0
gin-crud-api/internal/graph/generated.go:3992.15,3994.5 1 0
gin-crud-api/internal/graph/generated.go:3995.4,3995.123 1 0
gin-crud-api/internal/graph/generated.go:3997.3,3997.13 1 0
gin-crud-api/internal/graph/generated.go:3997.13,3999.4 1 0
gin-crud-api/internal/graph/generated.go:3999.9,4001.4 1 0
gin-crud-api/internal/graph/generated.go:4004.2,4006.24 2 0
gin-crud-api/internal/graph/generated.go:4006.24,4007.24 1 0
gin-crud-api/internal/graph/generated.go:4007.24,4009.4 1 0
gin-crud-api/internal/graph/generated.go:4012.2,4012.12 1 0
gin-crud-api/internal/graph/generated.go:4015.110,4018.2 2 0
gin-crud-api/internal/graph/generated.go:4020.135,4023.25 3 0
gin-crud-api/internal/graph/generated.go:4023.25,4024.64 1 0
gin-crud-api/internal/graph/generated.go:4024.64,4026.4 1 0
gin-crud-api/internal/graph/generated.go:4028.2,4028.12 1 0
gin-crud-api/internal/graph/generated.go:4031.118,4036.24 5 0
gin-crud-api/internal/graph/generated.go:4036.24,4039.17 3 0
gin-crud-api/internal/graph/generated.go:4039.17,4041.4 1 0
gin-crud-api/internal/graph/generated.go:4043.2,4043.17 1 0
gin-crud-api/internal/graph/generated.go:4046.143,4050.13 4 0
gin-crud-api/internal/graph/generated.go:4050.13,4052.3 1 0
gin-crud-api/internal/graph/generated.go:4053.2,4053.19 1 0
gin-crud-api/internal/graph/generated.go:4053.19,4060.20 4 0
gin-crud-api/internal/graph/generated.go:4060.20,4061.17 1 0
gin-crud-api/internal/graph/generated.go:4061.17,4062.33 1 0
gin-crud-api/internal/graph/generated.go:4062.33,4065.6 2 0
gin-crud-api/internal/graph/generated.go:4067.4,4067.15 1 0
gin-crud-api/internal/graph/generated.go:4067.15,4069.5 1 0
gin-crud-api/internal/graph/generated.go:4070.4,4070.66 1 0
gin-crud-api/internal/graph/generated.go:4072.3,4072.13 1 0
gin-crud-api/internal/graph/generated.go:4072.13,4074.4 1 0
gin-crud-api/internal/graph/generated.go:4074.9,4076.4 1 0
gin-crud-api/internal/graph/generated.go:4079.2,4081.24 2 0
gin-crud-api/internal/graph/generated.go:4081.24,4082.24 1 0
gin-crud-api/internal/graph/generated.go:4082.24,4084.4 1 0
gin-crud-api/internal/graph/generated.go:4087.2,4087.12 1 0
gin-crud-api/internal/graph/generated.go:4090.209,4092.2 1 0
gin-crud-api/internal/graph/generated.go:4094.197,4096.2 1 0
gin-crud-api/internal/graph/generated.go:4098.212,4100.2 1 0
gin-crud-api/internal/graph/generated.go:4102.220,4106.13 4 0
gin-crud-api/internal/graph/generated.go:4106.13,4108.3 1 0
gin-crud-api/internal/graph/generated.go:4109.2,4109.19 1 0
gin-crud-api/internal/graph/generated.go:4109.19,4116.20 4 0
gin-crud-api/internal/graph/generated.go:4116.20,4117.17 1 0
gin-crud-api/internal/graph/generated.go:4117.17,4118.33 1 0
gin-crud-api/internal/graph/generated.go:4118.33,4121.6 2 0
gin-crud-api/internal/graph/generated.go:4123.4,4123.15 1 0
gin-crud-api/internal/graph/generated.go:4123.15,4125.5 1 0
gin-crud-api/internal/graph/generated.go:4126.4,4126.125 1 0
gin-crud-api/internal/graph/generated.go:4128.3,4128.13 1 0
gin-crud-api/internal/graph/generated.go:4128.13,4130.4 1 0
gin-crud-api/internal/graph/generated.go:4130.9,4132.4 1 0
gin-crud-api/internal/graph/generated.go:4135.2,4137.24 2 0
gin-crud-api/internal/graph/generated.go:4137.24,4138.24 1 0
gin-crud-api/internal/graph/generated.go:4138.24,4140.4 1 0
gin-crud-api/internal/graph/generated.go:4143.2,4143.12 1 0
gin-crud-api/internal/graph/generated.go:4146.194,4148.2 1 0
gin-crud-api/internal/graph/generated.go:4150.202,4154.13 4 0
gin-crud-api/internal/graph/generated.go:4154.13,4156.3 1 0
gin-crud-api/internal/graph/generated.go:4157.2,4157.19 1 0
gin-crud-api/internal/graph/generated.go:4157.19,4164.20 4 0
gin-crud-api/internal/graph/generated.go:4164.20,4165.17 1 0
gin-crud-api/internal/graph/generated.go:4165.17,4166.33 1 0
gin-crud-api/internal/graph/generated.go:4166.33,4169.6 2 0
gin-crud-api/internal/graph/generated.go:4171.4,4171.15 1 0
gin-crud-api/internal/graph/generated.go:4171.15,4173.5 1 0
gin-crud-api/internal/graph/generated.go:4174.4,4174.113 1 0
gin-crud-api/internal/graph/generated.go:4176.3,4176.13 1 0
gin-crud-api/internal/graph/generated.go:4176.13,4178.4 1 0
gin-crud-api/internal/graph/generated.go:4178.9,4180.4 1 0
gin-crud-api/internal/graph/generated.go:4183.2,4185.24 2 0
gin-crud-api/internal/graph/generated.go:4185.24,4186.24 1 0
gin-crud-api/internal/graph/generated.go:4186.24,4188.4 1 0
gin-crud-api/internal/graph/generated.go:4191.2,4191.12 1 0
gin-crud-api/internal/graph/generated.go:4194.198,4195.14 1 0
gin-crud-api/internal/graph/generated.go:4195.14,4196.64 1 0
gin-crud-api/internal/graph/generated.go:4196.64,4198.4 1 0
gin-crud-api/internal/graph/generated.go:4199.3,4199.22 1 0
gin-crud-api/internal/graph/generated.go:4201.2,4201.32 1 0
gin-crud-api/internal/graph/generated.go:4204.101,4207.2 2 0
gin-crud-api/internal/graph/generated.go:4209.126,4212.25 3 0
gin-crud-api/internal/graph/generated.go:4212.25,4213.64 1 0
gin-crud-api/internal/graph/generated.go:4213.64,4215.4 1 0
gin-crud-api/internal/graph/generated.go:4217.2,4217.12 1 0
gin-crud-api/internal/graph/generated.go:4220.94,4223.2 2 0
gin-crud-api/internal/graph/generated.go:4225.119,4230.2 4 0
gin-crud-api/internal/graph/generated.go:4232.98,4233.14 1 0
gin-crud-api/internal/graph/generated.go:4233.14,4235.3 1 0
gin-crud-api/internal/graph/generated.go:4236.2,4237.44 2 0
gin-crud-api/internal/graph/generated.go:4240.123,4241.14 1 0
gin-crud-api/internal/graph/generated.go:4241.14,4243.3 1 0
gin-crud-api/internal/graph/generated.go:4244.2,4247.12 4 0
gin-crud-api/internal/graph/generated.go:4250.190,4251.14 1 0
gin-crud-api/internal/graph/generated.go:4251.14,4253.3 1 0
gin-crud-api/internal/graph/generated.go:4254.2,4254.36 1 0
gin-crud-api/internal/graph/generated.go:4257.192,4258.14 1 0
gin-crud-api/internal/graph/generated.go:4258.14,4260.3 1 0
gin-crud-api/internal/graph/generated.go:4261.2,4264.13 4 0
gin-crud-api/internal/graph/generated.go:4264.13,4266.3 1 0
gin-crud-api/internal/graph/generated.go:4267.2,4267.19 1 0
gin-crud-api/internal/graph/generated.go:4267.19,4274.20 4 0
gin-crud-api/internal/graph/generated.go:4274.20,4275.17 1 0
gin-crud-api/internal/graph/generated.go:4275.17,4276.33 1 0
gin-crud-api/internal/graph/generated.go:4276.33,4279.6 2 0
gin-crud-api/internal/graph/generated.go:4281.4,4281.15 1 0
gin-crud-api/internal/graph/generated.go:4281.15,4283.5 1 0
gin-crud-api/internal/graph/generated.go:4284.4,4284.106 1 0
gin-crud-api/internal/graph/generated.go:4286.3,4286.13 1 0
gin-crud-api/internal/graph/generated.go:4286.13,4288.4 1 0
gin-crud-api/internal/graph/generated.go:4288.9,4290.4 1 0
gin-crud-api/internal/graph/generated.go:4293.2,4295.24 2 0
gin-crud-api/internal/graph/generated.go:4295.24,4296.24 1 0
gin-crud-api/internal/graph/generated.go:4296.24,4298.4 1 0
gin-crud-api/internal/graph/generated.go:4301.2,4301.12 1 0
gin-crud-api/internal/graph/generated.go:4304.184,4305.14 1 0
gin-crud-api/internal/graph/generated.go:4305.14,4307.3 1 0
gin-crud-api/internal/graph/generated.go:4308.2,4308.34 1 0
gin-crud-api/internal/graph/generated.go:4311.101,4312.14 1 0
gin-crud-api/internal/graph/generated.go:4312.14,4314.3 1 0
gin-crud-api/internal/graph/generated.go:4315.2,4316.44 2 0
gin-crud-api/internal/graph/generated.go:4319.126,4320.14 1 0
gin-crud-api/internal/graph/generated.go:4320.14,4322.3 1 0
gin-crud-api/internal/graph/generated.go:4323.2,4326.12 4 0
gin-crud-api/internal/graph/generated.go:4329.217,4330.14 1 0
gin-crud-api/internal/graph/generated.go:4330.14,4332.3 1 0
gin-crud-api/internal/graph/generated.go:4333.2,4336.13 4 0
gin-crud-api/internal/graph/generated.go:4336.13,4338.3 1 0
gin-crud-api/internal/graph/generated.go:4339.2,4339.19 1 0
gin-crud-api/internal/graph/generated.go:4339.19,4346.20 4 0
gin-crud-api/internal/graph/generated.go:4346.20,4347.17 1 0
gin-crud-api/internal/graph/generated.go:4347.17,4348.33 1 0
gin-crud-api/internal/graph/generated.go:4348.33,4351.6 2 0
gin-crud-api/internal/graph/generated.go:4353.4,4353.15 1 0
gin-crud-api/internal/graph/generated.go:4353.15,4355.5 1 0
gin-crud-api/internal/graph/generated.go:4356.4,4356.123 1 0
gin-crud-api/internal/graph/generated.go:4358.3,4358.13 1 0
gin-crud-api/internal/graph/generated.go:4358.13,4360.4 1 0
gin-crud-api/internal/graph/generated.go:4360.9,4362.4 1 0
gin-crud-api/internal/graph/generated.go:4365.2,4367.24 2 0
gin-crud-api/internal/graph/generated.go:4367.24,4368.24 1 0
gin-crud-api/internal/graph/generated.go:4368.24,4370.4 1 0
gin-crud-api/internal/graph/generated.go:4373.2,4373.12 1 0
gin-crud-api/internal/graph/generated.go:4376.205,4377.14 1 0
gin-crud-api/internal/graph/generated.go:4377.14,4379.3 1 0
gin-crud-api/internal/graph/generated.go:4380.2,4383.13 4 0
gin-crud-api/internal/graph/generated.go:4383.13,4385.3 1 0
gin-crud-api/internal/graph/generated.go:4386.2,4386.19 1 0
gin-crud-api/internal/graph/generated.go:4386.19,4393.20 4 0
gin-crud-api/internal/graph/generated.go:4393.20,4394.17 1 0
gin-crud-api/internal/graph/generated.go:4394.17,4395.33 1 0
gin-crud-api/internal/graph/generated.go:4395.33,4398.6 2 0
gin-crud-api/internal/graph/generated.go:4400.4,4400.15 1 0
gin-crud-api/internal/graph/generated.go:4400.15,4402.5 1 0
gin-crud-api/internal/graph/generated.go:4403.4,4403.115 1 0
gin-crud-api/internal/graph/generated.go:4405.3,4405.13 1 0
gin-crud-api/internal/graph/generated.go:4405.13,4407.4 1 0
gin-crud-api/internal/graph/generated.go:4407.9,4409.4 1 0
gin-crud-api/internal/graph/generated.go:4412.2,4414.24 2 0
gin-crud-api/internal/graph/generated.go:4414.24,4415.24 1 0
gin-crud-api/internal/graph/generated.go:4415.24,4417.4 1 0
gin-crud-api/internal/graph/generated.go:4420.2,4420.12 1 0
gin-crud-api/internal/graph/generated.go:4423.220,4424.14 1 0
gin-crud-api/internal/graph/generated.go:4424.14,4426.3 1 0
gin-crud-api/internal/graph/generated.go:4427.2,4430.13 4 0
gin-crud-api/internal/graph/generated.go:4430.13,4432.3 1 0
gin-crud-api/internal/graph/generated.go:4433.2,4433.19 1 0
gin-crud-api/internal/graph/generated.go:4433.19,4440.20 4 0
gin-crud-api/internal/graph/generated.go:4440.20,4441.17 1 0
gin-crud-api/internal/graph/generated.go:4441.17,4442.33 1 0
gin-crud-api/internal/graph/generated.go:4442.33,4445.6 2 0
gin-crud-api/internal/graph/generated.go:4447.4,4447.15 1 0
gin-crud-api/internal/graph/generated.go:4447.15,4449.5 1 0
gin-crud-api/internal/graph/generated.go:4450.4,4450.125 1 0
gin-crud-api/internal/graph/generated.go:4452.3,4452.13 1 0
gin-crud-api/internal/graph/generated.go:4452.13,4454.4 1 0
gin-crud-api/internal/graph/generated.go:4454.9,4456.4 1 0
gin-crud-api/internal/graph/generated.go:4459.2,4461.24 2 0
gin-crud-api/internal/graph/generated.go:4461.24,4462.24 1 0
gin-crud-api/internal/graph/generated.go:4462.24,4464.4 1 0
gin-crud-api/internal/graph/generated.go:4467.2,4467.12 1 0
gin-crud-api/internal/graph/generated.go:4470.204,4471.14 1 0
gin-crud-api/internal/graph/generated.go:4471.14,4473.3 1 0
gin-crud-api/internal/graph/generated.go:4474.2,4474.34 1 0
gin-crud-api/internal/graph/generated.go:4477.202,4478.14 1 0
gin-crud-api/internal/graph/generated.go:4478.14,4480.3 1 0
gin-crud-api/internal/graph/generated.go:4481.2,4484.13 4 0
gin-crud-api/internal/graph/generated.go:4484.13,4486.3 1 0
gin-crud-api/internal/graph/generated.go:4487.2,4487.19 1 0
gin-crud-api/internal/graph/generated.go:4487.19,4494.20 4 0
gin-crud-api/internal/graph/generated.go:4494.20,4495.17 1 0
gin-crud-api/internal/graph/generated.go:4495.17,4496.33 1 0
gin-crud-api/internal/graph/generated.go:4496.33,4499.6 2 0
gin-crud-api/internal/graph/generated.go:4501.4,4501.15 1 0
gin-crud-api/internal/graph/generated.go:4501.15,4503.5 1 0
gin-crud-api/internal/graph/generated.go:4504.4,4504.113 1 0
gin-crud-api/internal/graph/generated.go:4506.3,4506.13 1 0
gin-crud-api/internal/graph/generated.go:4506.13,4508.4 1 0
gin-crud-api/internal/graph/generated.go:4508.9,4510.4 1 0
gin-crud-api/internal/graph/generated.go:4513.2,4515.24 2 0
gin-crud-api/internal/graph/generated.go:4515.24,4516.24 1 0
gin-crud-api/internal/graph/generated.go:4516.24,4518.4 1 0
gin-crud-api/internal/graph/generated.go:4521.2,4521.12 1 0
gin-crud-api/internal/graph/generated.go:4524.198,4525.14 1 0
gin-crud-api/internal/graph/generated.go:4525.14,4527.3 1 0
gin-crud-api/internal/graph/generated.go:4528.2,4528.32 1 0
gin-crud-api/internal/graph/resolver.go:17.105,22.2 1 0
gin-crud-api/internal/graph/schema.resolvers.go:25.128,36.22 4 0
gin-crud-api/internal/graph/schema.resolvers.go:36.22,41.3 2 0
gin-crud-api/internal/graph/schema.resolvers.go:44.2,50.46 2 0
gin-crud-api/internal/graph/schema.resolvers.go:50.46,57.3 2 0
gin-crud-api/internal/graph/schema.resolvers.go:59.2,69.8 2 0
gin-crud-api/internal/graph/schema.resolvers.go:73.139,85.22 4 0
gin-crud-api/internal/graph/schema.resolvers.go:85.22,91.3 2 0
gin-crud-api/internal/graph/schema.resolvers.go:94.2,95.16 2 0
gin-crud-api/internal/graph/schema.resolvers.go:95.16,96.41 1 0
gin-crud-api/internal/graph/schema.resolvers.go:96.41,102.4 2 0
gin-crud-api/internal/graph/schema.resolvers.go:103.3,108.63 2 0
gin-crud-api/internal/graph/schema.resolvers.go:112.2,115.52 2 0
gin-crud-api/internal/graph/schema.resolvers.go:115.52,122.3 2 0
gin-crud-api/internal/graph/schema.resolvers.go:124.2,134.8 2 0
gin-crud-api/internal/graph/schema.resolvers.go:138.91,150.16 5 0
gin-crud-api/internal/graph/schema.resolvers.go:150.16,151.41 1 0
gin-crud-api/internal/graph/schema.resolvers.go:151.41,157.4 2 0
gin-crud-api/internal/graph/schema.resolvers.go:158.3,163.65 2 0
gin-crud-api/internal/graph/schema.resolvers.go:167.2,168.16 2 0
gin-crud-api/internal/graph/schema.resolvers.go:168.16,175.3 2 0
gin-crud-api/internal/graph/schema.resolvers.go:177.2,183.32 2 0
gin-crud-api/internal/graph/schema.resolvers.go:183.32,184.50 1 0
gin-crud-api/internal/graph/schema.resolvers.go:184.50,192.4 2 0
gin-crud-api/internal/graph/schema.resolvers.go:196.2,196.46 1 0
gin-crud-api/internal/graph/schema.resolvers.go:196.46,203.3 2 0
gin-crud-api/internal/graph/schema.resolvers.go:205.2,211.18 2 0
gin-crud-api/internal/graph/schema.resolvers.go:219.122,232.22 4 0
gin-crud-api/internal/graph/schema.resolvers.go:232.22,237.3 2 0
gin-crud-api/internal/graph/schema.resolvers.go:238.2,238.23 1 0
gin-crud-api/internal/graph/schema.resolvers.go:238.23,243.3 2 0
gin-crud-api/internal/graph/schema.resolvers.go:244.2,244.32 1 0
gin-crud-api/internal/graph/schema.resolvers.go:244.32,250.3 2 0
gin-crud-api/internal/graph/schema.resolvers.go:251.2,251.30 1 0
gin-crud-api/internal/graph/schema.resolvers.go:251.30,256.3 2 0
gin-crud-api/internal/graph/schema.resolvers.go:259.2,260.16 2 0
gin-crud-api/internal/graph/schema.resolvers.go:260.16,261.41 1 0
gin-crud-api/internal/graph/schema.resolvers.go:261.41,267.4 2 0
gin-crud-api/internal/graph/schema.resolvers.go:268.3,273.65 2 0
gin-crud-api/internal/graph/schema.resolvers.go:277.2,285.44 2 0
gin-crud-api/internal/graph/schema.resolvers.go:285.44,292.3 2 0
gin-crud-api/internal/graph/schema.resolvers.go:294.2,308.8 2 0
gin-crud-api/internal/graph/schema.resolvers.go:312.133,326.22 4 0
gin-crud-api/internal/graph/schema.resolvers.go:326.22,332.3 2 0
gin-crud-api/internal/graph/schema.resolvers.go:333.2,333.23 1 0
gin-crud-api/internal/graph/schema.resolvers.go:333.23,339.3 2 0
gin-crud-api/internal/graph/schema.resolvers.go:340.2,340.32 1 0
gin-crud-api/internal/graph/schema.resolvers.go:340.32,347.3 2 0
gin-crud-api/internal/graph/schema.resolvers.go:348.2,348.30 1 0
gin-crud-api/internal/graph/schema.resolvers.go:348.30,354.3 2 0
gin-crud-api/internal/graph/schema.resolvers.go:357.2,358.16 2 0
gin-crud-api/internal/graph/schema.resolvers.go:358.16,359.41 1 0
gin-crud-api/internal/graph/schema.resolvers.go:359.41,365.4 2 0
gin-crud-api/internal/graph/schema.resolvers.go:366.3,371.61 2 0
gin-crud-api/internal/graph/schema.resolvers.go:375.2,376.16 2 0
gin-crud-api/internal/graph/schema.resolvers.go:376.16,377.41 1 0
gin-crud-api/internal/graph/schema.resolvers.go:377.41,384.4 2 0
gin-crud-api/internal/graph/schema.resolvers.go:385.3,391.65 2 0
gin-crud-api/internal/graph/schema.resolvers.go:395.2,400.51 4 0
gin-crud-api/internal/graph/schema.resolvers.go:400.51,407.3 2 0
gin-crud-api/internal/graph/schema.resolvers.go:409.2,423.8 2 0
gin-crud-api/internal/graph/schema.resolvers.go:427.89,439.16 5 0
gin-crud-api/internal/graph/schema.resolvers.go:439.16,440.41 1 0
gin-crud-api/internal/graph/schema.resolvers.go:440.41,446.4 2 0
gin-crud-api/internal/graph/schema.resolvers.go:447.3,452.63 2 0
gin-crud-api/internal/graph/schema.resolvers.go:456.2,456.45 1 0
gin-crud-api/internal/graph/schema.resolvers.go:456.45,463.3 2 0
gin-crud-api/internal/graph/schema.resolvers.go:465.2,470.18 2 0
gin-crud-api/internal/graph/schema.resolvers.go:478.95,489.16 5 0
gin-crud-api/internal/graph/schema.resolvers.go:489.16,490.41 1 0
gin-crud-api/internal/graph/schema.resolvers.go:490.41,496.4 2 0
gin-crud-api/internal/graph/schema.resolvers.go:497.3,502.63 2 0
gin-crud-api/internal/graph/schema.resolvers.go:505.2,514.8 2 0
gin-crud-api/internal/graph/schema.resolvers.go:518.87,528.16 5 0
gin-crud-api/internal/graph/schema.resolvers.go:528.16,534.3 2 0
gin-crud-api/internal/graph/schema.resolvers.go:537.2,538.29 2 0
gin-crud-api/internal/graph/schema.resolvers.go:538.29,543.3 1 0
gin-crud-api/internal/graph/schema.resolvers.go:545.2,550.20 2 0
gin-crud-api/internal/graph/schema.resolvers.go:558.91,569.16 5 0
gin-crud-api/internal/graph/schema.resolvers.go:569.16,570.41 1 0
gin-crud-api/internal/graph/schema.resolvers.go:570.41,576.4 2 0
gin-crud-api/internal/graph/schema.resolvers.go:577.3,582.61 2 0
gin-crud-api/internal/graph/schema.resolvers.go:585.2,596.8 2 0
gin-crud-api/internal/graph/schema.resolvers.go:600.83,610.16 5 0
gin-crud-api/internal/graph/schema.resolvers.go:610.16,616.3 2 0
gin-crud-api/internal/graph/schema.resolvers.go:619.2,620.27 2 0
gin-crud-api/internal/graph/schema.resolvers.go:620.27,627.3 1 0
gin-crud-api/internal/graph/schema.resolvers.go:629.2,634.20 2 0
gin-crud-api/internal/graph/schema.resolvers.go:638.116,649.16 5 0
gin-crud-api/internal/graph/schema.resolvers.go:649.16,656.3 2 0
gin-crud-api/internal/graph/schema.resolvers.go:659.2,660.27 2 0
gin-crud-api/internal/graph/schema.resolvers.go:660.27,667.3 1 0
gin-crud-api/internal/graph/schema.resolvers.go:669.2,675.20 2 0
gin-crud-api/internal/graph/schema.resolvers.go:683.69,685.2 1 0
gin-crud-api/internal/graph/schema.resolvers.go:692.38,695.2 2 20
gin-crud-api/internal/graph/schema.resolvers.go:698.48,698.79 1 0
gin-crud-api/internal/graph/schema.resolvers.go:701.42,701.70 1 0
